09:24:17.321 INFO  [main][LottoProjectApplication.logStarting(StartupInfoLogger.java:55)] Starting LottoProjectApplication using Java 17.0.10 on LAPTOP-FFEFJF33 with PID 1872 (D:\SpringBoot\WorkSpace\Demo_20240513\Lotto_Project\bin\main started by fansy_w1161jp in D:\SpringBoot\WorkSpace\Demo_20240513\Lotto_Project)
09:24:17.323 INFO  [main][LottoProjectApplication.logStartupProfileInfo(SpringApplication.java:631)] No active profile set, falling back to 1 default profile: "default"
09:24:17.830 INFO  [main][RepositoryConfigurationDelegate.registerRepositoriesIn(RepositoryConfigurationDelegate.java:132)] Bootstrapping Spring Data JPA repositories in DEFAULT mode.
09:24:17.892 INFO  [main][RepositoryConfigurationDelegate.registerRepositoriesIn(RepositoryConfigurationDelegate.java:201)] Finished Spring Data repository scanning in 54 ms. Found 10 JPA repository interfaces.
09:24:18.567 INFO  [main][TomcatWebServer.initialize(TomcatWebServer.java:108)] Tomcat initialized with port(s): 8080 (http)
09:24:18.575 INFO  [main][Http11NioProtocol.log(DirectJDKLog.java:173)] Initializing ProtocolHandler ["http-nio-8080"]
09:24:18.575 INFO  [main][StandardService.log(DirectJDKLog.java:173)] Starting service [Tomcat]
09:24:18.575 INFO  [main][StandardEngine.log(DirectJDKLog.java:173)] Starting Servlet engine: [Apache Tomcat/9.0.69]
09:24:18.668 INFO  [main][[/].log(DirectJDKLog.java:173)] Initializing Spring embedded WebApplicationContext
09:24:18.669 INFO  [main][ServletWebServerApplicationContext.prepareWebApplicationContext(ServletWebServerApplicationContext.java:292)] Root WebApplicationContext: initialization completed in 1299 ms
09:24:18.808 INFO  [main][HikariDataSource.getConnection(HikariDataSource.java:110)] HikariPool-1 - Starting...
09:24:18.963 INFO  [main][HikariDataSource.getConnection(HikariDataSource.java:123)] HikariPool-1 - Start completed.
09:24:18.999 INFO  [main][LogHelper.logPersistenceUnitInformation(LogHelper.java:31)] HHH000204: Processing PersistenceUnitInfo [name: default]
09:24:19.035 INFO  [main][Version.logVersion(Version.java:44)] HHH000412: Hibernate ORM core version 5.6.14.Final
09:24:19.168 INFO  [main][Version.<clinit>(JavaReflectionManager.java:56)] HCANN000001: Hibernate Commons Annotations {5.1.2.Final}
09:24:19.271 INFO  [main][Dialect.<init>(Dialect.java:175)] HHH000400: Using dialect: org.hibernate.dialect.MySQL57Dialect
09:24:19.779 INFO  [main][JtaPlatformInitiator.initiateService(JtaPlatformInitiator.java:52)] HHH000490: Using JtaPlatform implementation: [org.hibernate.engine.transaction.jta.platform.internal.NoJtaPlatform]
09:24:19.788 INFO  [main][LocalContainerEntityManagerFactoryBean.buildNativeEntityManagerFactory(AbstractEntityManagerFactoryBean.java:437)] Initialized JPA EntityManagerFactory for persistence unit 'default'
09:24:20.320 WARN  [main][JpaBaseConfiguration$JpaWebConfiguration.openEntityManagerInViewInterceptor(JpaBaseConfiguration.java:219)] spring.jpa.open-in-view is enabled by default. Therefore, database queries may be performed during view rendering. Explicitly configure spring.jpa.open-in-view to disable this warning
09:24:20.625 WARN  [main][UserDetailsServiceAutoConfiguration.getOrDeducePassword(UserDetailsServiceAutoConfiguration.java:88)] 

Using generated security password: a1661a43-a5ee-45be-91b6-e5dbd4822942

This generated password is for development use only. Your security configuration must be updated before running your application in production.

09:24:20.722 INFO  [main][DefaultSecurityFilterChain.<init>(DefaultSecurityFilterChain.java:55)] Will secure any request with [org.springframework.security.web.session.DisableEncodeUrlFilter@21251e43, org.springframework.security.web.context.request.async.WebAsyncManagerIntegrationFilter@677274e7, org.springframework.security.web.context.SecurityContextPersistenceFilter@df04d12, org.springframework.security.web.header.HeaderWriterFilter@c3c63c1, org.springframework.security.web.csrf.CsrfFilter@1ccce165, org.springframework.security.web.authentication.logout.LogoutFilter@71db6703, org.springframework.security.web.authentication.UsernamePasswordAuthenticationFilter@66d73e2d, org.springframework.security.web.authentication.ui.DefaultLoginPageGeneratingFilter@561c031, org.springframework.security.web.authentication.ui.DefaultLogoutPageGeneratingFilter@54c17a2b, org.springframework.security.web.authentication.www.BasicAuthenticationFilter@36ae17ef, org.springframework.security.web.savedrequest.RequestCacheAwareFilter@7ff7e353, org.springframework.security.web.servletapi.SecurityContextHolderAwareRequestFilter@70680f88, org.springframework.security.web.authentication.AnonymousAuthenticationFilter@16279a5d, org.springframework.security.web.session.SessionManagementFilter@6f12fca0, org.springframework.security.web.access.ExceptionTranslationFilter@38213efa, org.springframework.security.web.access.intercept.FilterSecurityInterceptor@439d649c]
09:24:20.753 INFO  [main][Http11NioProtocol.log(DirectJDKLog.java:173)] Starting ProtocolHandler ["http-nio-8080"]
09:24:20.770 INFO  [main][TomcatWebServer.start(TomcatWebServer.java:220)] Tomcat started on port(s): 8080 (http) with context path ''
09:24:20.781 INFO  [main][LottoProjectApplication.logStarted(StartupInfoLogger.java:61)] Started LottoProjectApplication in 3.773 seconds (JVM running for 4.286)
09:29:59.422 INFO  [http-nio-8080-exec-1][[/].log(DirectJDKLog.java:173)] Initializing Spring DispatcherServlet 'dispatcherServlet'
09:29:59.423 INFO  [http-nio-8080-exec-1][DispatcherServlet.initServletBean(FrameworkServlet.java:525)] Initializing Servlet 'dispatcherServlet'
09:29:59.423 INFO  [http-nio-8080-exec-1][DispatcherServlet.initServletBean(FrameworkServlet.java:547)] Completed initialization in 0 ms
10:08:03.774 INFO  [main][SpringBootTestContextBootstrapper.buildDefaultMergedContextConfiguration(AbstractTestContextBootstrapper.java:305)] Neither @ContextConfiguration nor @ContextHierarchy found for test class [com.example.Lotto_Project.LottoProjectApplicationTests], using SpringBootContextLoader
10:08:03.779 INFO  [main][AbstractContextLoader.generateDefaultLocations(AbstractContextLoader.java:264)] Could not detect default resource locations for test class [com.example.Lotto_Project.LottoProjectApplicationTests]: no resource found for suffixes {-context.xml, Context.groovy}.
10:08:03.780 INFO  [main][AnnotationConfigContextLoaderUtils.detectDefaultConfigurationClasses(AnnotationConfigContextLoaderUtils.java:83)] Could not detect default configuration classes for test class [com.example.Lotto_Project.LottoProjectApplicationTests]: LottoProjectApplicationTests does not declare any static, non-private, non-final, nested classes annotated with @Configuration.
10:08:03.860 INFO  [main][SpringBootTestContextBootstrapper.getOrFindConfigurationClasses(SpringBootTestContextBootstrapper.java:238)] Found @SpringBootConfiguration com.example.Lotto_Project.LottoProjectApplication for test class com.example.Lotto_Project.LottoProjectApplicationTests
10:08:03.936 INFO  [main][SpringBootTestContextBootstrapper.getDefaultTestExecutionListenerClassNames(AbstractTestContextBootstrapper.java:245)] Loaded default TestExecutionListener class names from location [META-INF/spring.factories]: [org.springframework.boot.test.autoconfigure.restdocs.RestDocsTestExecutionListener, org.springframework.boot.test.autoconfigure.web.client.MockRestServiceServerResetTestExecutionListener, org.springframework.boot.test.autoconfigure.web.servlet.MockMvcPrintOnlyOnFailureTestExecutionListener, org.springframework.boot.test.autoconfigure.web.servlet.WebDriverTestExecutionListener, org.springframework.boot.test.autoconfigure.webservices.client.MockWebServiceServerTestExecutionListener, org.springframework.boot.test.mock.mockito.MockitoTestExecutionListener, org.springframework.boot.test.mock.mockito.ResetMocksTestExecutionListener, org.springframework.test.context.web.ServletTestExecutionListener, org.springframework.test.context.support.DirtiesContextBeforeModesTestExecutionListener, org.springframework.test.context.event.ApplicationEventsTestExecutionListener, org.springframework.test.context.support.DependencyInjectionTestExecutionListener, org.springframework.test.context.support.DirtiesContextTestExecutionListener, org.springframework.test.context.transaction.TransactionalTestExecutionListener, org.springframework.test.context.jdbc.SqlScriptsTestExecutionListener, org.springframework.test.context.event.EventPublishingTestExecutionListener]
10:08:03.946 INFO  [main][SpringBootTestContextBootstrapper.getTestExecutionListeners(AbstractTestContextBootstrapper.java:174)] Using TestExecutionListeners: [org.springframework.test.context.web.ServletTestExecutionListener@46e8a539, org.springframework.test.context.support.DirtiesContextBeforeModesTestExecutionListener@495083a0, org.springframework.test.context.event.ApplicationEventsTestExecutionListener@5fd62371, org.springframework.boot.test.mock.mockito.MockitoTestExecutionListener@28a0fd6c, org.springframework.boot.test.autoconfigure.SpringBootDependencyInjectionTestExecutionListener@2b62442c, org.springframework.test.context.support.DirtiesContextTestExecutionListener@66629f63, org.springframework.test.context.transaction.TransactionalTestExecutionListener@841e575, org.springframework.test.context.jdbc.SqlScriptsTestExecutionListener@27a5328c, org.springframework.test.context.event.EventPublishingTestExecutionListener@1e5f4170, org.springframework.boot.test.autoconfigure.restdocs.RestDocsTestExecutionListener@6c345c5f, org.springframework.boot.test.autoconfigure.web.client.MockRestServiceServerResetTestExecutionListener@6b5966e1, org.springframework.boot.test.autoconfigure.web.servlet.MockMvcPrintOnlyOnFailureTestExecutionListener@65e61854, org.springframework.boot.test.autoconfigure.web.servlet.WebDriverTestExecutionListener@1568159, org.springframework.boot.test.autoconfigure.webservices.client.MockWebServiceServerTestExecutionListener@4fcee388, org.springframework.boot.test.mock.mockito.ResetMocksTestExecutionListener@6f80fafe]
10:08:04.170 INFO  [main][LottoProjectApplicationTests.logStarting(StartupInfoLogger.java:55)] Starting LottoProjectApplicationTests using Java 17.0.10 on LAPTOP-FFEFJF33 with PID 14112 (started by fansy_w1161jp in D:\SpringBoot\WorkSpace\Demo_20240513\Lotto_Project)
10:08:04.172 INFO  [main][LottoProjectApplicationTests.logStartupProfileInfo(SpringApplication.java:631)] No active profile set, falling back to 1 default profile: "default"
10:08:04.645 INFO  [main][RepositoryConfigurationDelegate.registerRepositoriesIn(RepositoryConfigurationDelegate.java:132)] Bootstrapping Spring Data JPA repositories in DEFAULT mode.
10:08:04.700 INFO  [main][RepositoryConfigurationDelegate.registerRepositoriesIn(RepositoryConfigurationDelegate.java:201)] Finished Spring Data repository scanning in 48 ms. Found 10 JPA repository interfaces.
10:08:05.141 INFO  [main][HikariDataSource.getConnection(HikariDataSource.java:110)] HikariPool-1 - Starting...
10:08:05.280 INFO  [main][HikariDataSource.getConnection(HikariDataSource.java:123)] HikariPool-1 - Start completed.
10:08:05.328 INFO  [main][LogHelper.logPersistenceUnitInformation(LogHelper.java:31)] HHH000204: Processing PersistenceUnitInfo [name: default]
10:08:05.366 INFO  [main][Version.logVersion(Version.java:44)] HHH000412: Hibernate ORM core version 5.6.14.Final
10:08:05.506 INFO  [main][Version.<clinit>(JavaReflectionManager.java:56)] HCANN000001: Hibernate Commons Annotations {5.1.2.Final}
10:08:05.761 INFO  [main][Dialect.<init>(Dialect.java:175)] HHH000400: Using dialect: org.hibernate.dialect.MySQL57Dialect
10:08:06.263 INFO  [main][JtaPlatformInitiator.initiateService(JtaPlatformInitiator.java:52)] HHH000490: Using JtaPlatform implementation: [org.hibernate.engine.transaction.jta.platform.internal.NoJtaPlatform]
10:08:06.270 INFO  [main][LocalContainerEntityManagerFactoryBean.buildNativeEntityManagerFactory(AbstractEntityManagerFactoryBean.java:437)] Initialized JPA EntityManagerFactory for persistence unit 'default'
10:08:06.956 WARN  [main][JpaBaseConfiguration$JpaWebConfiguration.openEntityManagerInViewInterceptor(JpaBaseConfiguration.java:219)] spring.jpa.open-in-view is enabled by default. Therefore, database queries may be performed during view rendering. Explicitly configure spring.jpa.open-in-view to disable this warning
10:08:07.416 WARN  [main][UserDetailsServiceAutoConfiguration.getOrDeducePassword(UserDetailsServiceAutoConfiguration.java:88)] 

Using generated security password: af44e54a-aeb7-4f2c-8265-750b77515c1a

This generated password is for development use only. Your security configuration must be updated before running your application in production.

10:08:07.570 INFO  [main][DefaultSecurityFilterChain.<init>(DefaultSecurityFilterChain.java:55)] Will secure any request with [org.springframework.security.web.session.DisableEncodeUrlFilter@6dd7af2f, org.springframework.security.web.context.request.async.WebAsyncManagerIntegrationFilter@5e8bc83e, org.springframework.security.web.context.SecurityContextPersistenceFilter@31ecd003, org.springframework.security.web.header.HeaderWriterFilter@481f698f, org.springframework.security.web.csrf.CsrfFilter@603a34e5, org.springframework.security.web.authentication.logout.LogoutFilter@12d28106, org.springframework.security.web.authentication.UsernamePasswordAuthenticationFilter@71f86562, org.springframework.security.web.authentication.ui.DefaultLoginPageGeneratingFilter@6e161cea, org.springframework.security.web.authentication.ui.DefaultLogoutPageGeneratingFilter@6c75c5e8, org.springframework.security.web.authentication.www.BasicAuthenticationFilter@c6653e, org.springframework.security.web.savedrequest.RequestCacheAwareFilter@6894436e, org.springframework.security.web.servletapi.SecurityContextHolderAwareRequestFilter@3f2feab7, org.springframework.security.web.authentication.AnonymousAuthenticationFilter@69374e28, org.springframework.security.web.session.SessionManagementFilter@33efa7d4, org.springframework.security.web.access.ExceptionTranslationFilter@fc6cac6, org.springframework.security.web.access.intercept.FilterSecurityInterceptor@48b744fd]
10:08:07.640 INFO  [main][LottoProjectApplicationTests.logStarted(StartupInfoLogger.java:61)] Started LottoProjectApplicationTests in 3.661 seconds (JVM running for 4.766)
10:08:07.785 INFO  [main][Lotto_Impl_1.Update__T_01_0001(Lotto_Impl_1.java:149)] -----------------------------------------------
10:08:07.785 INFO  [main][Lotto_Impl_1.Update__T_01_0001(Lotto_Impl_1.java:150)] 修改 : T_01_0001 (Start)
10:08:07.785 INFO  [main][Lotto_Impl_1.Update__T_01_0001(Lotto_Impl_1.java:151)] 方法名稱 : Update__T_01_0001
10:08:07.891 INFO  [main][Lotto_Impl_1.Update__T_01_0001(Lotto_Impl_1.java:190)] 流水號 : 4
10:08:07.891 INFO  [main][Lotto_Impl_1.Update__T_01_0001(Lotto_Impl_1.java:191)] 編碼_1 : 02
10:08:07.891 INFO  [main][Lotto_Impl_1.Update__T_01_0001(Lotto_Impl_1.java:192)] 描述_1 : 是或否
10:08:07.891 INFO  [main][Lotto_Impl_1.Update__T_01_0001(Lotto_Impl_1.java:193)] 描述_2 : 是或否(英文)
10:08:07.892 INFO  [main][Lotto_Impl_1.Update__T_01_0001(Lotto_Impl_1.java:194)] 修改 : T_01_0001 (End)
10:08:07.892 INFO  [main][Lotto_Impl_1.Update__T_01_0001(Lotto_Impl_1.java:195)] -----------------------------------------------
10:08:07.908 INFO  [SpringApplicationShutdownHook][LocalContainerEntityManagerFactoryBean.destroy(AbstractEntityManagerFactoryBean.java:651)] Closing JPA EntityManagerFactory for persistence unit 'default'
10:08:07.910 INFO  [SpringApplicationShutdownHook][HikariDataSource.close(HikariDataSource.java:350)] HikariPool-1 - Shutdown initiated...
10:08:07.916 INFO  [SpringApplicationShutdownHook][HikariDataSource.close(HikariDataSource.java:352)] HikariPool-1 - Shutdown completed.
10:10:11.719 INFO  [main][SpringBootTestContextBootstrapper.buildDefaultMergedContextConfiguration(AbstractTestContextBootstrapper.java:305)] Neither @ContextConfiguration nor @ContextHierarchy found for test class [com.example.Lotto_Project.LottoProjectApplicationTests], using SpringBootContextLoader
10:10:11.725 INFO  [main][AbstractContextLoader.generateDefaultLocations(AbstractContextLoader.java:264)] Could not detect default resource locations for test class [com.example.Lotto_Project.LottoProjectApplicationTests]: no resource found for suffixes {-context.xml, Context.groovy}.
10:10:11.726 INFO  [main][AnnotationConfigContextLoaderUtils.detectDefaultConfigurationClasses(AnnotationConfigContextLoaderUtils.java:83)] Could not detect default configuration classes for test class [com.example.Lotto_Project.LottoProjectApplicationTests]: LottoProjectApplicationTests does not declare any static, non-private, non-final, nested classes annotated with @Configuration.
10:10:11.802 INFO  [main][SpringBootTestContextBootstrapper.getOrFindConfigurationClasses(SpringBootTestContextBootstrapper.java:238)] Found @SpringBootConfiguration com.example.Lotto_Project.LottoProjectApplication for test class com.example.Lotto_Project.LottoProjectApplicationTests
10:10:11.879 INFO  [main][SpringBootTestContextBootstrapper.getDefaultTestExecutionListenerClassNames(AbstractTestContextBootstrapper.java:245)] Loaded default TestExecutionListener class names from location [META-INF/spring.factories]: [org.springframework.boot.test.autoconfigure.restdocs.RestDocsTestExecutionListener, org.springframework.boot.test.autoconfigure.web.client.MockRestServiceServerResetTestExecutionListener, org.springframework.boot.test.autoconfigure.web.servlet.MockMvcPrintOnlyOnFailureTestExecutionListener, org.springframework.boot.test.autoconfigure.web.servlet.WebDriverTestExecutionListener, org.springframework.boot.test.autoconfigure.webservices.client.MockWebServiceServerTestExecutionListener, org.springframework.boot.test.mock.mockito.MockitoTestExecutionListener, org.springframework.boot.test.mock.mockito.ResetMocksTestExecutionListener, org.springframework.test.context.web.ServletTestExecutionListener, org.springframework.test.context.support.DirtiesContextBeforeModesTestExecutionListener, org.springframework.test.context.event.ApplicationEventsTestExecutionListener, org.springframework.test.context.support.DependencyInjectionTestExecutionListener, org.springframework.test.context.support.DirtiesContextTestExecutionListener, org.springframework.test.context.transaction.TransactionalTestExecutionListener, org.springframework.test.context.jdbc.SqlScriptsTestExecutionListener, org.springframework.test.context.event.EventPublishingTestExecutionListener]
10:10:11.892 INFO  [main][SpringBootTestContextBootstrapper.getTestExecutionListeners(AbstractTestContextBootstrapper.java:174)] Using TestExecutionListeners: [org.springframework.test.context.web.ServletTestExecutionListener@46e8a539, org.springframework.test.context.support.DirtiesContextBeforeModesTestExecutionListener@495083a0, org.springframework.test.context.event.ApplicationEventsTestExecutionListener@5fd62371, org.springframework.boot.test.mock.mockito.MockitoTestExecutionListener@28a0fd6c, org.springframework.boot.test.autoconfigure.SpringBootDependencyInjectionTestExecutionListener@2b62442c, org.springframework.test.context.support.DirtiesContextTestExecutionListener@66629f63, org.springframework.test.context.transaction.TransactionalTestExecutionListener@841e575, org.springframework.test.context.jdbc.SqlScriptsTestExecutionListener@27a5328c, org.springframework.test.context.event.EventPublishingTestExecutionListener@1e5f4170, org.springframework.boot.test.autoconfigure.restdocs.RestDocsTestExecutionListener@6c345c5f, org.springframework.boot.test.autoconfigure.web.client.MockRestServiceServerResetTestExecutionListener@6b5966e1, org.springframework.boot.test.autoconfigure.web.servlet.MockMvcPrintOnlyOnFailureTestExecutionListener@65e61854, org.springframework.boot.test.autoconfigure.web.servlet.WebDriverTestExecutionListener@1568159, org.springframework.boot.test.autoconfigure.webservices.client.MockWebServiceServerTestExecutionListener@4fcee388, org.springframework.boot.test.mock.mockito.ResetMocksTestExecutionListener@6f80fafe]
10:10:12.111 INFO  [main][LottoProjectApplicationTests.logStarting(StartupInfoLogger.java:55)] Starting LottoProjectApplicationTests using Java 17.0.10 on LAPTOP-FFEFJF33 with PID 2716 (started by fansy_w1161jp in D:\SpringBoot\WorkSpace\Demo_20240513\Lotto_Project)
10:10:12.112 INFO  [main][LottoProjectApplicationTests.logStartupProfileInfo(SpringApplication.java:631)] No active profile set, falling back to 1 default profile: "default"
10:10:12.608 INFO  [main][RepositoryConfigurationDelegate.registerRepositoriesIn(RepositoryConfigurationDelegate.java:132)] Bootstrapping Spring Data JPA repositories in DEFAULT mode.
10:10:12.670 INFO  [main][RepositoryConfigurationDelegate.registerRepositoriesIn(RepositoryConfigurationDelegate.java:201)] Finished Spring Data repository scanning in 55 ms. Found 10 JPA repository interfaces.
10:10:13.126 INFO  [main][HikariDataSource.getConnection(HikariDataSource.java:110)] HikariPool-1 - Starting...
10:10:13.272 INFO  [main][HikariDataSource.getConnection(HikariDataSource.java:123)] HikariPool-1 - Start completed.
10:10:13.322 INFO  [main][LogHelper.logPersistenceUnitInformation(LogHelper.java:31)] HHH000204: Processing PersistenceUnitInfo [name: default]
10:10:13.368 INFO  [main][Version.logVersion(Version.java:44)] HHH000412: Hibernate ORM core version 5.6.14.Final
10:10:13.510 INFO  [main][Version.<clinit>(JavaReflectionManager.java:56)] HCANN000001: Hibernate Commons Annotations {5.1.2.Final}
10:10:13.640 INFO  [main][Dialect.<init>(Dialect.java:175)] HHH000400: Using dialect: org.hibernate.dialect.MySQL57Dialect
10:10:14.176 INFO  [main][JtaPlatformInitiator.initiateService(JtaPlatformInitiator.java:52)] HHH000490: Using JtaPlatform implementation: [org.hibernate.engine.transaction.jta.platform.internal.NoJtaPlatform]
10:10:14.182 INFO  [main][LocalContainerEntityManagerFactoryBean.buildNativeEntityManagerFactory(AbstractEntityManagerFactoryBean.java:437)] Initialized JPA EntityManagerFactory for persistence unit 'default'
10:10:14.905 WARN  [main][JpaBaseConfiguration$JpaWebConfiguration.openEntityManagerInViewInterceptor(JpaBaseConfiguration.java:219)] spring.jpa.open-in-view is enabled by default. Therefore, database queries may be performed during view rendering. Explicitly configure spring.jpa.open-in-view to disable this warning
10:10:15.422 WARN  [main][UserDetailsServiceAutoConfiguration.getOrDeducePassword(UserDetailsServiceAutoConfiguration.java:88)] 

Using generated security password: 7e1c3cc9-9339-499c-8590-c4bb99875cc8

This generated password is for development use only. Your security configuration must be updated before running your application in production.

10:10:15.595 INFO  [main][DefaultSecurityFilterChain.<init>(DefaultSecurityFilterChain.java:55)] Will secure any request with [org.springframework.security.web.session.DisableEncodeUrlFilter@5c141c7b, org.springframework.security.web.context.request.async.WebAsyncManagerIntegrationFilter@14f254f, org.springframework.security.web.context.SecurityContextPersistenceFilter@5f1dadf4, org.springframework.security.web.header.HeaderWriterFilter@2f70d78c, org.springframework.security.web.csrf.CsrfFilter@3705a85c, org.springframework.security.web.authentication.logout.LogoutFilter@6894436e, org.springframework.security.web.authentication.UsernamePasswordAuthenticationFilter@48b744fd, org.springframework.security.web.authentication.ui.DefaultLoginPageGeneratingFilter@1d77d9c6, org.springframework.security.web.authentication.ui.DefaultLogoutPageGeneratingFilter@363ee411, org.springframework.security.web.authentication.www.BasicAuthenticationFilter@48a2b492, org.springframework.security.web.savedrequest.RequestCacheAwareFilter@202ba60a, org.springframework.security.web.servletapi.SecurityContextHolderAwareRequestFilter@12ebcdf6, org.springframework.security.web.authentication.AnonymousAuthenticationFilter@4df54c1, org.springframework.security.web.session.SessionManagementFilter@58fadccb, org.springframework.security.web.access.ExceptionTranslationFilter@7daf167, org.springframework.security.web.access.intercept.FilterSecurityInterceptor@39d37da8]
10:10:15.677 INFO  [main][LottoProjectApplicationTests.logStarted(StartupInfoLogger.java:61)] Started LottoProjectApplicationTests in 3.751 seconds (JVM running for 4.719)
10:10:15.825 INFO  [main][Lotto_Impl_1.Create__T_01_0001(Lotto_Impl_1.java:88)] -----------------------------------------------
10:10:15.825 INFO  [main][Lotto_Impl_1.Create__T_01_0001(Lotto_Impl_1.java:89)] 新增 : T_01_0001 (Start)
10:10:15.825 INFO  [main][Lotto_Impl_1.Create__T_01_0001(Lotto_Impl_1.java:90)] 方法名稱 : Create__T_01_0001
10:10:15.872 INFO  [main][Lotto_Impl_1.Create_Update__T_00_0001(Lotto_Impl_1.java:975)] -----------------------------------------------
10:10:15.873 INFO  [main][Lotto_Impl_1.Create_Update__T_00_0001(Lotto_Impl_1.java:976)] 新增 修改 : T_00_0001 (Start)
10:10:15.873 INFO  [main][Lotto_Impl_1.Create_Update__T_00_0001(Lotto_Impl_1.java:977)] 方法名稱 : Create_Update__T_00_0001
10:10:15.925 INFO  [main][Lotto_Impl_1.Create_Update__T_00_0001(Lotto_Impl_1.java:1001)] Table : T_01_0001
10:10:15.926 INFO  [main][Lotto_Impl_1.Create_Update__T_00_0001(Lotto_Impl_1.java:1002)] 流水號 : 5
10:10:15.926 INFO  [main][Lotto_Impl_1.Create_Update__T_00_0001(Lotto_Impl_1.java:1003)] 新增 修改 : T_00_0001 (End)
10:10:15.927 INFO  [main][Lotto_Impl_1.Create_Update__T_00_0001(Lotto_Impl_1.java:1004)] -----------------------------------------------
10:10:15.936 INFO  [main][Lotto_Impl_1.Create__T_01_0001(Lotto_Impl_1.java:134)] 流水號 : 5
10:10:15.936 INFO  [main][Lotto_Impl_1.Create__T_01_0001(Lotto_Impl_1.java:135)] 編碼_1 : 03
10:10:15.937 INFO  [main][Lotto_Impl_1.Create__T_01_0001(Lotto_Impl_1.java:136)] 描述_1 : 性別
10:10:15.937 INFO  [main][Lotto_Impl_1.Create__T_01_0001(Lotto_Impl_1.java:137)] 描述_2 : 性別(英文)
10:10:15.937 INFO  [main][Lotto_Impl_1.Create__T_01_0001(Lotto_Impl_1.java:138)] 新增 : T_01_0001 (End)
10:10:15.937 INFO  [main][Lotto_Impl_1.Create__T_01_0001(Lotto_Impl_1.java:139)] -----------------------------------------------
10:10:15.954 INFO  [SpringApplicationShutdownHook][LocalContainerEntityManagerFactoryBean.destroy(AbstractEntityManagerFactoryBean.java:651)] Closing JPA EntityManagerFactory for persistence unit 'default'
10:10:15.957 INFO  [SpringApplicationShutdownHook][HikariDataSource.close(HikariDataSource.java:350)] HikariPool-1 - Shutdown initiated...
10:10:15.964 INFO  [SpringApplicationShutdownHook][HikariDataSource.close(HikariDataSource.java:352)] HikariPool-1 - Shutdown completed.
10:16:31.359 INFO  [main][SpringBootTestContextBootstrapper.buildDefaultMergedContextConfiguration(AbstractTestContextBootstrapper.java:305)] Neither @ContextConfiguration nor @ContextHierarchy found for test class [com.example.Lotto_Project.LottoProjectApplicationTests], using SpringBootContextLoader
10:16:31.365 INFO  [main][AbstractContextLoader.generateDefaultLocations(AbstractContextLoader.java:264)] Could not detect default resource locations for test class [com.example.Lotto_Project.LottoProjectApplicationTests]: no resource found for suffixes {-context.xml, Context.groovy}.
10:16:31.365 INFO  [main][AnnotationConfigContextLoaderUtils.detectDefaultConfigurationClasses(AnnotationConfigContextLoaderUtils.java:83)] Could not detect default configuration classes for test class [com.example.Lotto_Project.LottoProjectApplicationTests]: LottoProjectApplicationTests does not declare any static, non-private, non-final, nested classes annotated with @Configuration.
10:16:31.438 INFO  [main][SpringBootTestContextBootstrapper.getOrFindConfigurationClasses(SpringBootTestContextBootstrapper.java:238)] Found @SpringBootConfiguration com.example.Lotto_Project.LottoProjectApplication for test class com.example.Lotto_Project.LottoProjectApplicationTests
10:16:31.524 INFO  [main][SpringBootTestContextBootstrapper.getDefaultTestExecutionListenerClassNames(AbstractTestContextBootstrapper.java:245)] Loaded default TestExecutionListener class names from location [META-INF/spring.factories]: [org.springframework.boot.test.autoconfigure.restdocs.RestDocsTestExecutionListener, org.springframework.boot.test.autoconfigure.web.client.MockRestServiceServerResetTestExecutionListener, org.springframework.boot.test.autoconfigure.web.servlet.MockMvcPrintOnlyOnFailureTestExecutionListener, org.springframework.boot.test.autoconfigure.web.servlet.WebDriverTestExecutionListener, org.springframework.boot.test.autoconfigure.webservices.client.MockWebServiceServerTestExecutionListener, org.springframework.boot.test.mock.mockito.MockitoTestExecutionListener, org.springframework.boot.test.mock.mockito.ResetMocksTestExecutionListener, org.springframework.test.context.web.ServletTestExecutionListener, org.springframework.test.context.support.DirtiesContextBeforeModesTestExecutionListener, org.springframework.test.context.event.ApplicationEventsTestExecutionListener, org.springframework.test.context.support.DependencyInjectionTestExecutionListener, org.springframework.test.context.support.DirtiesContextTestExecutionListener, org.springframework.test.context.transaction.TransactionalTestExecutionListener, org.springframework.test.context.jdbc.SqlScriptsTestExecutionListener, org.springframework.test.context.event.EventPublishingTestExecutionListener]
10:16:31.540 INFO  [main][SpringBootTestContextBootstrapper.getTestExecutionListeners(AbstractTestContextBootstrapper.java:174)] Using TestExecutionListeners: [org.springframework.test.context.web.ServletTestExecutionListener@46e8a539, org.springframework.test.context.support.DirtiesContextBeforeModesTestExecutionListener@495083a0, org.springframework.test.context.event.ApplicationEventsTestExecutionListener@5fd62371, org.springframework.boot.test.mock.mockito.MockitoTestExecutionListener@28a0fd6c, org.springframework.boot.test.autoconfigure.SpringBootDependencyInjectionTestExecutionListener@2b62442c, org.springframework.test.context.support.DirtiesContextTestExecutionListener@66629f63, org.springframework.test.context.transaction.TransactionalTestExecutionListener@841e575, org.springframework.test.context.jdbc.SqlScriptsTestExecutionListener@27a5328c, org.springframework.test.context.event.EventPublishingTestExecutionListener@1e5f4170, org.springframework.boot.test.autoconfigure.restdocs.RestDocsTestExecutionListener@6c345c5f, org.springframework.boot.test.autoconfigure.web.client.MockRestServiceServerResetTestExecutionListener@6b5966e1, org.springframework.boot.test.autoconfigure.web.servlet.MockMvcPrintOnlyOnFailureTestExecutionListener@65e61854, org.springframework.boot.test.autoconfigure.web.servlet.WebDriverTestExecutionListener@1568159, org.springframework.boot.test.autoconfigure.webservices.client.MockWebServiceServerTestExecutionListener@4fcee388, org.springframework.boot.test.mock.mockito.ResetMocksTestExecutionListener@6f80fafe]
10:16:31.804 INFO  [main][LottoProjectApplicationTests.logStarting(StartupInfoLogger.java:55)] Starting LottoProjectApplicationTests using Java 17.0.10 on LAPTOP-FFEFJF33 with PID 15576 (started by fansy_w1161jp in D:\SpringBoot\WorkSpace\Demo_20240513\Lotto_Project)
10:16:31.805 INFO  [main][LottoProjectApplicationTests.logStartupProfileInfo(SpringApplication.java:631)] No active profile set, falling back to 1 default profile: "default"
10:16:32.342 INFO  [main][RepositoryConfigurationDelegate.registerRepositoriesIn(RepositoryConfigurationDelegate.java:132)] Bootstrapping Spring Data JPA repositories in DEFAULT mode.
10:16:32.410 INFO  [main][RepositoryConfigurationDelegate.registerRepositoriesIn(RepositoryConfigurationDelegate.java:201)] Finished Spring Data repository scanning in 62 ms. Found 10 JPA repository interfaces.
10:16:32.914 INFO  [main][HikariDataSource.getConnection(HikariDataSource.java:110)] HikariPool-1 - Starting...
10:16:33.057 INFO  [main][HikariDataSource.getConnection(HikariDataSource.java:123)] HikariPool-1 - Start completed.
10:16:33.107 INFO  [main][LogHelper.logPersistenceUnitInformation(LogHelper.java:31)] HHH000204: Processing PersistenceUnitInfo [name: default]
10:16:33.146 INFO  [main][Version.logVersion(Version.java:44)] HHH000412: Hibernate ORM core version 5.6.14.Final
10:16:33.305 INFO  [main][Version.<clinit>(JavaReflectionManager.java:56)] HCANN000001: Hibernate Commons Annotations {5.1.2.Final}
10:16:33.429 INFO  [main][Dialect.<init>(Dialect.java:175)] HHH000400: Using dialect: org.hibernate.dialect.MySQL57Dialect
10:16:33.938 INFO  [main][JtaPlatformInitiator.initiateService(JtaPlatformInitiator.java:52)] HHH000490: Using JtaPlatform implementation: [org.hibernate.engine.transaction.jta.platform.internal.NoJtaPlatform]
10:16:33.945 INFO  [main][LocalContainerEntityManagerFactoryBean.buildNativeEntityManagerFactory(AbstractEntityManagerFactoryBean.java:437)] Initialized JPA EntityManagerFactory for persistence unit 'default'
10:16:34.684 WARN  [main][JpaBaseConfiguration$JpaWebConfiguration.openEntityManagerInViewInterceptor(JpaBaseConfiguration.java:219)] spring.jpa.open-in-view is enabled by default. Therefore, database queries may be performed during view rendering. Explicitly configure spring.jpa.open-in-view to disable this warning
10:16:35.163 WARN  [main][UserDetailsServiceAutoConfiguration.getOrDeducePassword(UserDetailsServiceAutoConfiguration.java:88)] 

Using generated security password: 3bfbfb43-223b-475a-a612-9320f81c8e3b

This generated password is for development use only. Your security configuration must be updated before running your application in production.

10:16:35.311 INFO  [main][DefaultSecurityFilterChain.<init>(DefaultSecurityFilterChain.java:55)] Will secure any request with [org.springframework.security.web.session.DisableEncodeUrlFilter@69374e28, org.springframework.security.web.context.request.async.WebAsyncManagerIntegrationFilter@39c93af6, org.springframework.security.web.context.SecurityContextPersistenceFilter@6894436e, org.springframework.security.web.header.HeaderWriterFilter@33efa7d4, org.springframework.security.web.csrf.CsrfFilter@1d77d9c6, org.springframework.security.web.authentication.logout.LogoutFilter@3ce4eb42, org.springframework.security.web.authentication.UsernamePasswordAuthenticationFilter@363ee411, org.springframework.security.web.authentication.ui.DefaultLoginPageGeneratingFilter@72155315, org.springframework.security.web.authentication.ui.DefaultLogoutPageGeneratingFilter@3903cfc9, org.springframework.security.web.authentication.www.BasicAuthenticationFilter@6dd7af2f, org.springframework.security.web.savedrequest.RequestCacheAwareFilter@2738a1fc, org.springframework.security.web.servletapi.SecurityContextHolderAwareRequestFilter@6d7d0946, org.springframework.security.web.authentication.AnonymousAuthenticationFilter@7b1b1784, org.springframework.security.web.session.SessionManagementFilter@50b78155, org.springframework.security.web.access.ExceptionTranslationFilter@4b99f2ed, org.springframework.security.web.access.intercept.FilterSecurityInterceptor@5c7b504]
10:16:35.384 INFO  [main][LottoProjectApplicationTests.logStarted(StartupInfoLogger.java:61)] Started LottoProjectApplicationTests in 3.798 seconds (JVM running for 4.771)
10:16:35.542 INFO  [main][Lotto_Impl_1.Create__T_01_0002(Lotto_Impl_1.java:295)] -----------------------------------------------
10:16:35.542 INFO  [main][Lotto_Impl_1.Create__T_01_0002(Lotto_Impl_1.java:296)] 新增 : T_01_0002 (Start)
10:16:35.542 INFO  [main][Lotto_Impl_1.Create__T_01_0002(Lotto_Impl_1.java:297)] 方法名稱 : Create__T_01_0002
10:16:35.600 INFO  [main][Lotto_Impl_1.Create_Update__T_00_0001(Lotto_Impl_1.java:987)] -----------------------------------------------
10:16:35.600 INFO  [main][Lotto_Impl_1.Create_Update__T_00_0001(Lotto_Impl_1.java:988)] 新增 修改 : T_00_0001 (Start)
10:16:35.600 INFO  [main][Lotto_Impl_1.Create_Update__T_00_0001(Lotto_Impl_1.java:989)] 方法名稱 : Create_Update__T_00_0001
10:16:35.657 INFO  [main][Lotto_Impl_1.Create_Update__T_00_0001(Lotto_Impl_1.java:1013)] Table : T_01_0002
10:16:35.659 INFO  [main][Lotto_Impl_1.Create_Update__T_00_0001(Lotto_Impl_1.java:1014)] 流水號 : 11
10:16:35.659 INFO  [main][Lotto_Impl_1.Create_Update__T_00_0001(Lotto_Impl_1.java:1015)] 新增 修改 : T_00_0001 (End)
10:16:35.659 INFO  [main][Lotto_Impl_1.Create_Update__T_00_0001(Lotto_Impl_1.java:1016)] -----------------------------------------------
10:16:35.669 INFO  [main][Lotto_Impl_1.Create__T_01_0002(Lotto_Impl_1.java:343)] 流水號 : 11
10:16:35.670 INFO  [main][Lotto_Impl_1.Create__T_01_0002(Lotto_Impl_1.java:344)] 編碼_1 : 03
10:16:35.670 INFO  [main][Lotto_Impl_1.Create__T_01_0002(Lotto_Impl_1.java:345)] 編碼_2 : M
10:16:35.670 INFO  [main][Lotto_Impl_1.Create__T_01_0002(Lotto_Impl_1.java:346)] 描述_1 : 男生
10:16:35.670 INFO  [main][Lotto_Impl_1.Create__T_01_0002(Lotto_Impl_1.java:347)] 描述_2 : 男生(英文)
10:16:35.671 INFO  [main][Lotto_Impl_1.Create__T_01_0002(Lotto_Impl_1.java:348)] 新增 : T_01_0002 (End)
10:16:35.671 INFO  [main][Lotto_Impl_1.Create__T_01_0002(Lotto_Impl_1.java:349)] -----------------------------------------------
10:16:35.689 INFO  [SpringApplicationShutdownHook][LocalContainerEntityManagerFactoryBean.destroy(AbstractEntityManagerFactoryBean.java:651)] Closing JPA EntityManagerFactory for persistence unit 'default'
10:16:35.690 INFO  [SpringApplicationShutdownHook][HikariDataSource.close(HikariDataSource.java:350)] HikariPool-1 - Shutdown initiated...
10:16:35.697 INFO  [SpringApplicationShutdownHook][HikariDataSource.close(HikariDataSource.java:352)] HikariPool-1 - Shutdown completed.
10:16:47.871 INFO  [main][SpringBootTestContextBootstrapper.buildDefaultMergedContextConfiguration(AbstractTestContextBootstrapper.java:305)] Neither @ContextConfiguration nor @ContextHierarchy found for test class [com.example.Lotto_Project.LottoProjectApplicationTests], using SpringBootContextLoader
10:16:47.878 INFO  [main][AbstractContextLoader.generateDefaultLocations(AbstractContextLoader.java:264)] Could not detect default resource locations for test class [com.example.Lotto_Project.LottoProjectApplicationTests]: no resource found for suffixes {-context.xml, Context.groovy}.
10:16:47.879 INFO  [main][AnnotationConfigContextLoaderUtils.detectDefaultConfigurationClasses(AnnotationConfigContextLoaderUtils.java:83)] Could not detect default configuration classes for test class [com.example.Lotto_Project.LottoProjectApplicationTests]: LottoProjectApplicationTests does not declare any static, non-private, non-final, nested classes annotated with @Configuration.
10:16:47.957 INFO  [main][SpringBootTestContextBootstrapper.getOrFindConfigurationClasses(SpringBootTestContextBootstrapper.java:238)] Found @SpringBootConfiguration com.example.Lotto_Project.LottoProjectApplication for test class com.example.Lotto_Project.LottoProjectApplicationTests
10:16:48.037 INFO  [main][SpringBootTestContextBootstrapper.getDefaultTestExecutionListenerClassNames(AbstractTestContextBootstrapper.java:245)] Loaded default TestExecutionListener class names from location [META-INF/spring.factories]: [org.springframework.boot.test.autoconfigure.restdocs.RestDocsTestExecutionListener, org.springframework.boot.test.autoconfigure.web.client.MockRestServiceServerResetTestExecutionListener, org.springframework.boot.test.autoconfigure.web.servlet.MockMvcPrintOnlyOnFailureTestExecutionListener, org.springframework.boot.test.autoconfigure.web.servlet.WebDriverTestExecutionListener, org.springframework.boot.test.autoconfigure.webservices.client.MockWebServiceServerTestExecutionListener, org.springframework.boot.test.mock.mockito.MockitoTestExecutionListener, org.springframework.boot.test.mock.mockito.ResetMocksTestExecutionListener, org.springframework.test.context.web.ServletTestExecutionListener, org.springframework.test.context.support.DirtiesContextBeforeModesTestExecutionListener, org.springframework.test.context.event.ApplicationEventsTestExecutionListener, org.springframework.test.context.support.DependencyInjectionTestExecutionListener, org.springframework.test.context.support.DirtiesContextTestExecutionListener, org.springframework.test.context.transaction.TransactionalTestExecutionListener, org.springframework.test.context.jdbc.SqlScriptsTestExecutionListener, org.springframework.test.context.event.EventPublishingTestExecutionListener]
10:16:48.050 INFO  [main][SpringBootTestContextBootstrapper.getTestExecutionListeners(AbstractTestContextBootstrapper.java:174)] Using TestExecutionListeners: [org.springframework.test.context.web.ServletTestExecutionListener@46e8a539, org.springframework.test.context.support.DirtiesContextBeforeModesTestExecutionListener@495083a0, org.springframework.test.context.event.ApplicationEventsTestExecutionListener@5fd62371, org.springframework.boot.test.mock.mockito.MockitoTestExecutionListener@28a0fd6c, org.springframework.boot.test.autoconfigure.SpringBootDependencyInjectionTestExecutionListener@2b62442c, org.springframework.test.context.support.DirtiesContextTestExecutionListener@66629f63, org.springframework.test.context.transaction.TransactionalTestExecutionListener@841e575, org.springframework.test.context.jdbc.SqlScriptsTestExecutionListener@27a5328c, org.springframework.test.context.event.EventPublishingTestExecutionListener@1e5f4170, org.springframework.boot.test.autoconfigure.restdocs.RestDocsTestExecutionListener@6c345c5f, org.springframework.boot.test.autoconfigure.web.client.MockRestServiceServerResetTestExecutionListener@6b5966e1, org.springframework.boot.test.autoconfigure.web.servlet.MockMvcPrintOnlyOnFailureTestExecutionListener@65e61854, org.springframework.boot.test.autoconfigure.web.servlet.WebDriverTestExecutionListener@1568159, org.springframework.boot.test.autoconfigure.webservices.client.MockWebServiceServerTestExecutionListener@4fcee388, org.springframework.boot.test.mock.mockito.ResetMocksTestExecutionListener@6f80fafe]
10:16:48.289 INFO  [main][LottoProjectApplicationTests.logStarting(StartupInfoLogger.java:55)] Starting LottoProjectApplicationTests using Java 17.0.10 on LAPTOP-FFEFJF33 with PID 1432 (started by fansy_w1161jp in D:\SpringBoot\WorkSpace\Demo_20240513\Lotto_Project)
10:16:48.289 INFO  [main][LottoProjectApplicationTests.logStartupProfileInfo(SpringApplication.java:631)] No active profile set, falling back to 1 default profile: "default"
10:16:48.779 INFO  [main][RepositoryConfigurationDelegate.registerRepositoriesIn(RepositoryConfigurationDelegate.java:132)] Bootstrapping Spring Data JPA repositories in DEFAULT mode.
10:16:48.842 INFO  [main][RepositoryConfigurationDelegate.registerRepositoriesIn(RepositoryConfigurationDelegate.java:201)] Finished Spring Data repository scanning in 58 ms. Found 10 JPA repository interfaces.
10:16:49.330 INFO  [main][HikariDataSource.getConnection(HikariDataSource.java:110)] HikariPool-1 - Starting...
10:16:49.474 INFO  [main][HikariDataSource.getConnection(HikariDataSource.java:123)] HikariPool-1 - Start completed.
10:16:49.523 INFO  [main][LogHelper.logPersistenceUnitInformation(LogHelper.java:31)] HHH000204: Processing PersistenceUnitInfo [name: default]
10:16:49.561 INFO  [main][Version.logVersion(Version.java:44)] HHH000412: Hibernate ORM core version 5.6.14.Final
10:16:49.721 INFO  [main][Version.<clinit>(JavaReflectionManager.java:56)] HCANN000001: Hibernate Commons Annotations {5.1.2.Final}
10:16:49.848 INFO  [main][Dialect.<init>(Dialect.java:175)] HHH000400: Using dialect: org.hibernate.dialect.MySQL57Dialect
10:16:50.395 INFO  [main][JtaPlatformInitiator.initiateService(JtaPlatformInitiator.java:52)] HHH000490: Using JtaPlatform implementation: [org.hibernate.engine.transaction.jta.platform.internal.NoJtaPlatform]
10:16:50.403 INFO  [main][LocalContainerEntityManagerFactoryBean.buildNativeEntityManagerFactory(AbstractEntityManagerFactoryBean.java:437)] Initialized JPA EntityManagerFactory for persistence unit 'default'
10:16:51.137 WARN  [main][JpaBaseConfiguration$JpaWebConfiguration.openEntityManagerInViewInterceptor(JpaBaseConfiguration.java:219)] spring.jpa.open-in-view is enabled by default. Therefore, database queries may be performed during view rendering. Explicitly configure spring.jpa.open-in-view to disable this warning
10:16:51.624 WARN  [main][UserDetailsServiceAutoConfiguration.getOrDeducePassword(UserDetailsServiceAutoConfiguration.java:88)] 

Using generated security password: e0424866-171f-4a2f-a4e2-c159a6ccf999

This generated password is for development use only. Your security configuration must be updated before running your application in production.

10:16:51.773 INFO  [main][DefaultSecurityFilterChain.<init>(DefaultSecurityFilterChain.java:55)] Will secure any request with [org.springframework.security.web.session.DisableEncodeUrlFilter@4df54c1, org.springframework.security.web.context.request.async.WebAsyncManagerIntegrationFilter@785477e5, org.springframework.security.web.context.SecurityContextPersistenceFilter@202ba60a, org.springframework.security.web.header.HeaderWriterFilter@58fadccb, org.springframework.security.web.csrf.CsrfFilter@5cf39df6, org.springframework.security.web.authentication.logout.LogoutFilter@2738a1fc, org.springframework.security.web.authentication.UsernamePasswordAuthenticationFilter@5c7b504, org.springframework.security.web.authentication.ui.DefaultLoginPageGeneratingFilter@76c2d002, org.springframework.security.web.authentication.ui.DefaultLogoutPageGeneratingFilter@c950fd, org.springframework.security.web.authentication.www.BasicAuthenticationFilter@5c141c7b, org.springframework.security.web.savedrequest.RequestCacheAwareFilter@88fc9cb, org.springframework.security.web.servletapi.SecurityContextHolderAwareRequestFilter@75693526, org.springframework.security.web.authentication.AnonymousAuthenticationFilter@41962299, org.springframework.security.web.session.SessionManagementFilter@8bb5c2a, org.springframework.security.web.access.ExceptionTranslationFilter@34893693, org.springframework.security.web.access.intercept.FilterSecurityInterceptor@3f7a7ce6]
10:16:51.847 INFO  [main][LottoProjectApplicationTests.logStarted(StartupInfoLogger.java:61)] Started LottoProjectApplicationTests in 3.757 seconds (JVM running for 4.776)
10:16:52.013 INFO  [main][Lotto_Impl_1.Create__T_01_0002(Lotto_Impl_1.java:295)] -----------------------------------------------
10:16:52.013 INFO  [main][Lotto_Impl_1.Create__T_01_0002(Lotto_Impl_1.java:296)] 新增 : T_01_0002 (Start)
10:16:52.013 INFO  [main][Lotto_Impl_1.Create__T_01_0002(Lotto_Impl_1.java:297)] 方法名稱 : Create__T_01_0002
10:16:52.062 INFO  [main][Lotto_Impl_1.Create_Update__T_00_0001(Lotto_Impl_1.java:987)] -----------------------------------------------
10:16:52.062 INFO  [main][Lotto_Impl_1.Create_Update__T_00_0001(Lotto_Impl_1.java:988)] 新增 修改 : T_00_0001 (Start)
10:16:52.064 INFO  [main][Lotto_Impl_1.Create_Update__T_00_0001(Lotto_Impl_1.java:989)] 方法名稱 : Create_Update__T_00_0001
10:16:52.129 INFO  [main][Lotto_Impl_1.Create_Update__T_00_0001(Lotto_Impl_1.java:1013)] Table : T_01_0002
10:16:52.130 INFO  [main][Lotto_Impl_1.Create_Update__T_00_0001(Lotto_Impl_1.java:1014)] 流水號 : 12
10:16:52.131 INFO  [main][Lotto_Impl_1.Create_Update__T_00_0001(Lotto_Impl_1.java:1015)] 新增 修改 : T_00_0001 (End)
10:16:52.131 INFO  [main][Lotto_Impl_1.Create_Update__T_00_0001(Lotto_Impl_1.java:1016)] -----------------------------------------------
10:16:52.142 INFO  [main][Lotto_Impl_1.Create__T_01_0002(Lotto_Impl_1.java:343)] 流水號 : 12
10:16:52.143 INFO  [main][Lotto_Impl_1.Create__T_01_0002(Lotto_Impl_1.java:344)] 編碼_1 : 03
10:16:52.143 INFO  [main][Lotto_Impl_1.Create__T_01_0002(Lotto_Impl_1.java:345)] 編碼_2 : G
10:16:52.143 INFO  [main][Lotto_Impl_1.Create__T_01_0002(Lotto_Impl_1.java:346)] 描述_1 : 男生
10:16:52.143 INFO  [main][Lotto_Impl_1.Create__T_01_0002(Lotto_Impl_1.java:347)] 描述_2 : 男生(英文)
10:16:52.144 INFO  [main][Lotto_Impl_1.Create__T_01_0002(Lotto_Impl_1.java:348)] 新增 : T_01_0002 (End)
10:16:52.144 INFO  [main][Lotto_Impl_1.Create__T_01_0002(Lotto_Impl_1.java:349)] -----------------------------------------------
10:16:52.163 INFO  [SpringApplicationShutdownHook][LocalContainerEntityManagerFactoryBean.destroy(AbstractEntityManagerFactoryBean.java:651)] Closing JPA EntityManagerFactory for persistence unit 'default'
10:16:52.165 INFO  [SpringApplicationShutdownHook][HikariDataSource.close(HikariDataSource.java:350)] HikariPool-1 - Shutdown initiated...
10:16:52.172 INFO  [SpringApplicationShutdownHook][HikariDataSource.close(HikariDataSource.java:352)] HikariPool-1 - Shutdown completed.
10:17:25.257 INFO  [main][SpringBootTestContextBootstrapper.buildDefaultMergedContextConfiguration(AbstractTestContextBootstrapper.java:305)] Neither @ContextConfiguration nor @ContextHierarchy found for test class [com.example.Lotto_Project.LottoProjectApplicationTests], using SpringBootContextLoader
10:17:25.265 INFO  [main][AbstractContextLoader.generateDefaultLocations(AbstractContextLoader.java:264)] Could not detect default resource locations for test class [com.example.Lotto_Project.LottoProjectApplicationTests]: no resource found for suffixes {-context.xml, Context.groovy}.
10:17:25.267 INFO  [main][AnnotationConfigContextLoaderUtils.detectDefaultConfigurationClasses(AnnotationConfigContextLoaderUtils.java:83)] Could not detect default configuration classes for test class [com.example.Lotto_Project.LottoProjectApplicationTests]: LottoProjectApplicationTests does not declare any static, non-private, non-final, nested classes annotated with @Configuration.
10:17:25.352 INFO  [main][SpringBootTestContextBootstrapper.getOrFindConfigurationClasses(SpringBootTestContextBootstrapper.java:238)] Found @SpringBootConfiguration com.example.Lotto_Project.LottoProjectApplication for test class com.example.Lotto_Project.LottoProjectApplicationTests
10:17:25.444 INFO  [main][SpringBootTestContextBootstrapper.getDefaultTestExecutionListenerClassNames(AbstractTestContextBootstrapper.java:245)] Loaded default TestExecutionListener class names from location [META-INF/spring.factories]: [org.springframework.boot.test.autoconfigure.restdocs.RestDocsTestExecutionListener, org.springframework.boot.test.autoconfigure.web.client.MockRestServiceServerResetTestExecutionListener, org.springframework.boot.test.autoconfigure.web.servlet.MockMvcPrintOnlyOnFailureTestExecutionListener, org.springframework.boot.test.autoconfigure.web.servlet.WebDriverTestExecutionListener, org.springframework.boot.test.autoconfigure.webservices.client.MockWebServiceServerTestExecutionListener, org.springframework.boot.test.mock.mockito.MockitoTestExecutionListener, org.springframework.boot.test.mock.mockito.ResetMocksTestExecutionListener, org.springframework.test.context.web.ServletTestExecutionListener, org.springframework.test.context.support.DirtiesContextBeforeModesTestExecutionListener, org.springframework.test.context.event.ApplicationEventsTestExecutionListener, org.springframework.test.context.support.DependencyInjectionTestExecutionListener, org.springframework.test.context.support.DirtiesContextTestExecutionListener, org.springframework.test.context.transaction.TransactionalTestExecutionListener, org.springframework.test.context.jdbc.SqlScriptsTestExecutionListener, org.springframework.test.context.event.EventPublishingTestExecutionListener]
10:17:25.456 INFO  [main][SpringBootTestContextBootstrapper.getTestExecutionListeners(AbstractTestContextBootstrapper.java:174)] Using TestExecutionListeners: [org.springframework.test.context.web.ServletTestExecutionListener@46e8a539, org.springframework.test.context.support.DirtiesContextBeforeModesTestExecutionListener@495083a0, org.springframework.test.context.event.ApplicationEventsTestExecutionListener@5fd62371, org.springframework.boot.test.mock.mockito.MockitoTestExecutionListener@28a0fd6c, org.springframework.boot.test.autoconfigure.SpringBootDependencyInjectionTestExecutionListener@2b62442c, org.springframework.test.context.support.DirtiesContextTestExecutionListener@66629f63, org.springframework.test.context.transaction.TransactionalTestExecutionListener@841e575, org.springframework.test.context.jdbc.SqlScriptsTestExecutionListener@27a5328c, org.springframework.test.context.event.EventPublishingTestExecutionListener@1e5f4170, org.springframework.boot.test.autoconfigure.restdocs.RestDocsTestExecutionListener@6c345c5f, org.springframework.boot.test.autoconfigure.web.client.MockRestServiceServerResetTestExecutionListener@6b5966e1, org.springframework.boot.test.autoconfigure.web.servlet.MockMvcPrintOnlyOnFailureTestExecutionListener@65e61854, org.springframework.boot.test.autoconfigure.web.servlet.WebDriverTestExecutionListener@1568159, org.springframework.boot.test.autoconfigure.webservices.client.MockWebServiceServerTestExecutionListener@4fcee388, org.springframework.boot.test.mock.mockito.ResetMocksTestExecutionListener@6f80fafe]
10:17:25.690 INFO  [main][LottoProjectApplicationTests.logStarting(StartupInfoLogger.java:55)] Starting LottoProjectApplicationTests using Java 17.0.10 on LAPTOP-FFEFJF33 with PID 12520 (started by fansy_w1161jp in D:\SpringBoot\WorkSpace\Demo_20240513\Lotto_Project)
10:17:25.691 INFO  [main][LottoProjectApplicationTests.logStartupProfileInfo(SpringApplication.java:631)] No active profile set, falling back to 1 default profile: "default"
10:17:26.134 INFO  [main][RepositoryConfigurationDelegate.registerRepositoriesIn(RepositoryConfigurationDelegate.java:132)] Bootstrapping Spring Data JPA repositories in DEFAULT mode.
10:17:26.188 INFO  [main][RepositoryConfigurationDelegate.registerRepositoriesIn(RepositoryConfigurationDelegate.java:201)] Finished Spring Data repository scanning in 48 ms. Found 10 JPA repository interfaces.
10:17:26.639 INFO  [main][HikariDataSource.getConnection(HikariDataSource.java:110)] HikariPool-1 - Starting...
10:17:26.945 INFO  [main][HikariDataSource.getConnection(HikariDataSource.java:123)] HikariPool-1 - Start completed.
10:17:26.997 INFO  [main][LogHelper.logPersistenceUnitInformation(LogHelper.java:31)] HHH000204: Processing PersistenceUnitInfo [name: default]
10:17:27.045 INFO  [main][Version.logVersion(Version.java:44)] HHH000412: Hibernate ORM core version 5.6.14.Final
10:17:27.200 INFO  [main][Version.<clinit>(JavaReflectionManager.java:56)] HCANN000001: Hibernate Commons Annotations {5.1.2.Final}
10:17:27.330 INFO  [main][Dialect.<init>(Dialect.java:175)] HHH000400: Using dialect: org.hibernate.dialect.MySQL57Dialect
10:17:27.850 INFO  [main][JtaPlatformInitiator.initiateService(JtaPlatformInitiator.java:52)] HHH000490: Using JtaPlatform implementation: [org.hibernate.engine.transaction.jta.platform.internal.NoJtaPlatform]
10:17:27.857 INFO  [main][LocalContainerEntityManagerFactoryBean.buildNativeEntityManagerFactory(AbstractEntityManagerFactoryBean.java:437)] Initialized JPA EntityManagerFactory for persistence unit 'default'
10:17:28.554 WARN  [main][JpaBaseConfiguration$JpaWebConfiguration.openEntityManagerInViewInterceptor(JpaBaseConfiguration.java:219)] spring.jpa.open-in-view is enabled by default. Therefore, database queries may be performed during view rendering. Explicitly configure spring.jpa.open-in-view to disable this warning
10:17:29.141 WARN  [main][UserDetailsServiceAutoConfiguration.getOrDeducePassword(UserDetailsServiceAutoConfiguration.java:88)] 

Using generated security password: 3f0c3de7-7b4f-4cf2-a14b-d223343d72dd

This generated password is for development use only. Your security configuration must be updated before running your application in production.

10:17:29.315 INFO  [main][DefaultSecurityFilterChain.<init>(DefaultSecurityFilterChain.java:55)] Will secure any request with [org.springframework.security.web.session.DisableEncodeUrlFilter@363ee411, org.springframework.security.web.context.request.async.WebAsyncManagerIntegrationFilter@4df54c1, org.springframework.security.web.context.SecurityContextPersistenceFilter@45dfb6a4, org.springframework.security.web.header.HeaderWriterFilter@7916568d, org.springframework.security.web.csrf.CsrfFilter@5b11d0d8, org.springframework.security.web.authentication.logout.LogoutFilter@8b71052, org.springframework.security.web.authentication.UsernamePasswordAuthenticationFilter@60655642, org.springframework.security.web.authentication.ui.DefaultLoginPageGeneratingFilter@51eeae0a, org.springframework.security.web.authentication.ui.DefaultLogoutPageGeneratingFilter@785477e5, org.springframework.security.web.authentication.www.BasicAuthenticationFilter@71f86562, org.springframework.security.web.savedrequest.RequestCacheAwareFilter@30dd23e2, org.springframework.security.web.servletapi.SecurityContextHolderAwareRequestFilter@88fc9cb, org.springframework.security.web.authentication.AnonymousAuthenticationFilter@c950fd, org.springframework.security.web.session.SessionManagementFilter@43d2c8e3, org.springframework.security.web.access.ExceptionTranslationFilter@735b1ad2, org.springframework.security.web.access.intercept.FilterSecurityInterceptor@4b8601a1]
10:17:29.394 INFO  [main][LottoProjectApplicationTests.logStarted(StartupInfoLogger.java:61)] Started LottoProjectApplicationTests in 3.899 seconds (JVM running for 4.892)
10:17:29.623 INFO  [main][Lotto_Impl_1.Update__T_01_0002(Lotto_Impl_1.java:359)] -----------------------------------------------
10:17:29.624 INFO  [main][Lotto_Impl_1.Update__T_01_0002(Lotto_Impl_1.java:360)] 修改 : T_01_0002 (Start)
10:17:29.624 INFO  [main][Lotto_Impl_1.Update__T_01_0002(Lotto_Impl_1.java:361)] 方法名稱 : Update__T_01_0002
10:17:29.733 INFO  [main][Lotto_Impl_1.Update__T_01_0002(Lotto_Impl_1.java:403)] 流水號 : 12
10:17:29.734 INFO  [main][Lotto_Impl_1.Update__T_01_0002(Lotto_Impl_1.java:404)] 編碼_1 : 03
10:17:29.734 INFO  [main][Lotto_Impl_1.Update__T_01_0002(Lotto_Impl_1.java:405)] 編碼_2 : G
10:17:29.734 INFO  [main][Lotto_Impl_1.Update__T_01_0002(Lotto_Impl_1.java:406)] 描述_1 : 女生
10:17:29.735 INFO  [main][Lotto_Impl_1.Update__T_01_0002(Lotto_Impl_1.java:407)] 描述_2 : 女生(英文)
10:17:29.735 INFO  [main][Lotto_Impl_1.Update__T_01_0002(Lotto_Impl_1.java:408)] 修改 : T_01_0001 (End)
10:17:29.735 INFO  [main][Lotto_Impl_1.Update__T_01_0002(Lotto_Impl_1.java:409)] -----------------------------------------------
10:17:29.759 INFO  [SpringApplicationShutdownHook][LocalContainerEntityManagerFactoryBean.destroy(AbstractEntityManagerFactoryBean.java:651)] Closing JPA EntityManagerFactory for persistence unit 'default'
10:17:29.762 INFO  [SpringApplicationShutdownHook][HikariDataSource.close(HikariDataSource.java:350)] HikariPool-1 - Shutdown initiated...
10:17:29.768 INFO  [SpringApplicationShutdownHook][HikariDataSource.close(HikariDataSource.java:352)] HikariPool-1 - Shutdown completed.
10:24:40.916 INFO  [main][SpringBootTestContextBootstrapper.buildDefaultMergedContextConfiguration(AbstractTestContextBootstrapper.java:305)] Neither @ContextConfiguration nor @ContextHierarchy found for test class [com.example.Lotto_Project.LottoProjectApplicationTests], using SpringBootContextLoader
10:24:40.922 INFO  [main][AbstractContextLoader.generateDefaultLocations(AbstractContextLoader.java:264)] Could not detect default resource locations for test class [com.example.Lotto_Project.LottoProjectApplicationTests]: no resource found for suffixes {-context.xml, Context.groovy}.
10:24:40.923 INFO  [main][AnnotationConfigContextLoaderUtils.detectDefaultConfigurationClasses(AnnotationConfigContextLoaderUtils.java:83)] Could not detect default configuration classes for test class [com.example.Lotto_Project.LottoProjectApplicationTests]: LottoProjectApplicationTests does not declare any static, non-private, non-final, nested classes annotated with @Configuration.
10:24:40.999 INFO  [main][SpringBootTestContextBootstrapper.getOrFindConfigurationClasses(SpringBootTestContextBootstrapper.java:238)] Found @SpringBootConfiguration com.example.Lotto_Project.LottoProjectApplication for test class com.example.Lotto_Project.LottoProjectApplicationTests
10:24:41.072 INFO  [main][SpringBootTestContextBootstrapper.getDefaultTestExecutionListenerClassNames(AbstractTestContextBootstrapper.java:245)] Loaded default TestExecutionListener class names from location [META-INF/spring.factories]: [org.springframework.boot.test.autoconfigure.restdocs.RestDocsTestExecutionListener, org.springframework.boot.test.autoconfigure.web.client.MockRestServiceServerResetTestExecutionListener, org.springframework.boot.test.autoconfigure.web.servlet.MockMvcPrintOnlyOnFailureTestExecutionListener, org.springframework.boot.test.autoconfigure.web.servlet.WebDriverTestExecutionListener, org.springframework.boot.test.autoconfigure.webservices.client.MockWebServiceServerTestExecutionListener, org.springframework.boot.test.mock.mockito.MockitoTestExecutionListener, org.springframework.boot.test.mock.mockito.ResetMocksTestExecutionListener, org.springframework.test.context.web.ServletTestExecutionListener, org.springframework.test.context.support.DirtiesContextBeforeModesTestExecutionListener, org.springframework.test.context.event.ApplicationEventsTestExecutionListener, org.springframework.test.context.support.DependencyInjectionTestExecutionListener, org.springframework.test.context.support.DirtiesContextTestExecutionListener, org.springframework.test.context.transaction.TransactionalTestExecutionListener, org.springframework.test.context.jdbc.SqlScriptsTestExecutionListener, org.springframework.test.context.event.EventPublishingTestExecutionListener]
10:24:41.084 INFO  [main][SpringBootTestContextBootstrapper.getTestExecutionListeners(AbstractTestContextBootstrapper.java:174)] Using TestExecutionListeners: [org.springframework.test.context.web.ServletTestExecutionListener@46e8a539, org.springframework.test.context.support.DirtiesContextBeforeModesTestExecutionListener@495083a0, org.springframework.test.context.event.ApplicationEventsTestExecutionListener@5fd62371, org.springframework.boot.test.mock.mockito.MockitoTestExecutionListener@28a0fd6c, org.springframework.boot.test.autoconfigure.SpringBootDependencyInjectionTestExecutionListener@2b62442c, org.springframework.test.context.support.DirtiesContextTestExecutionListener@66629f63, org.springframework.test.context.transaction.TransactionalTestExecutionListener@841e575, org.springframework.test.context.jdbc.SqlScriptsTestExecutionListener@27a5328c, org.springframework.test.context.event.EventPublishingTestExecutionListener@1e5f4170, org.springframework.boot.test.autoconfigure.restdocs.RestDocsTestExecutionListener@6c345c5f, org.springframework.boot.test.autoconfigure.web.client.MockRestServiceServerResetTestExecutionListener@6b5966e1, org.springframework.boot.test.autoconfigure.web.servlet.MockMvcPrintOnlyOnFailureTestExecutionListener@65e61854, org.springframework.boot.test.autoconfigure.web.servlet.WebDriverTestExecutionListener@1568159, org.springframework.boot.test.autoconfigure.webservices.client.MockWebServiceServerTestExecutionListener@4fcee388, org.springframework.boot.test.mock.mockito.ResetMocksTestExecutionListener@6f80fafe]
10:24:41.349 INFO  [main][LottoProjectApplicationTests.logStarting(StartupInfoLogger.java:55)] Starting LottoProjectApplicationTests using Java 17.0.10 on LAPTOP-FFEFJF33 with PID 15716 (started by fansy_w1161jp in D:\SpringBoot\WorkSpace\Demo_20240513\Lotto_Project)
10:24:41.350 INFO  [main][LottoProjectApplicationTests.logStartupProfileInfo(SpringApplication.java:631)] No active profile set, falling back to 1 default profile: "default"
10:24:41.806 INFO  [main][RepositoryConfigurationDelegate.registerRepositoriesIn(RepositoryConfigurationDelegate.java:132)] Bootstrapping Spring Data JPA repositories in DEFAULT mode.
10:24:41.874 INFO  [main][RepositoryConfigurationDelegate.registerRepositoriesIn(RepositoryConfigurationDelegate.java:201)] Finished Spring Data repository scanning in 60 ms. Found 10 JPA repository interfaces.
10:24:42.315 INFO  [main][HikariDataSource.getConnection(HikariDataSource.java:110)] HikariPool-1 - Starting...
10:24:42.455 INFO  [main][HikariDataSource.getConnection(HikariDataSource.java:123)] HikariPool-1 - Start completed.
10:24:42.505 INFO  [main][LogHelper.logPersistenceUnitInformation(LogHelper.java:31)] HHH000204: Processing PersistenceUnitInfo [name: default]
10:24:42.544 INFO  [main][Version.logVersion(Version.java:44)] HHH000412: Hibernate ORM core version 5.6.14.Final
10:24:42.692 INFO  [main][Version.<clinit>(JavaReflectionManager.java:56)] HCANN000001: Hibernate Commons Annotations {5.1.2.Final}
10:24:42.837 INFO  [main][Dialect.<init>(Dialect.java:175)] HHH000400: Using dialect: org.hibernate.dialect.MySQL57Dialect
10:24:43.357 INFO  [main][JtaPlatformInitiator.initiateService(JtaPlatformInitiator.java:52)] HHH000490: Using JtaPlatform implementation: [org.hibernate.engine.transaction.jta.platform.internal.NoJtaPlatform]
10:24:43.364 INFO  [main][LocalContainerEntityManagerFactoryBean.buildNativeEntityManagerFactory(AbstractEntityManagerFactoryBean.java:437)] Initialized JPA EntityManagerFactory for persistence unit 'default'
10:24:44.037 WARN  [main][JpaBaseConfiguration$JpaWebConfiguration.openEntityManagerInViewInterceptor(JpaBaseConfiguration.java:219)] spring.jpa.open-in-view is enabled by default. Therefore, database queries may be performed during view rendering. Explicitly configure spring.jpa.open-in-view to disable this warning
10:24:44.520 WARN  [main][UserDetailsServiceAutoConfiguration.getOrDeducePassword(UserDetailsServiceAutoConfiguration.java:88)] 

Using generated security password: 26bd5f84-b15f-4b82-ae84-6d5c1e641ca3

This generated password is for development use only. Your security configuration must be updated before running your application in production.

10:24:44.663 INFO  [main][DefaultSecurityFilterChain.<init>(DefaultSecurityFilterChain.java:55)] Will secure any request with [org.springframework.security.web.session.DisableEncodeUrlFilter@76ccde41, org.springframework.security.web.context.request.async.WebAsyncManagerIntegrationFilter@5f26fc4d, org.springframework.security.web.context.SecurityContextPersistenceFilter@673e1cf2, org.springframework.security.web.header.HeaderWriterFilter@3f2feab7, org.springframework.security.web.csrf.CsrfFilter@1e65c4d, org.springframework.security.web.authentication.logout.LogoutFilter@4257163f, org.springframework.security.web.authentication.UsernamePasswordAuthenticationFilter@a3e458, org.springframework.security.web.authentication.ui.DefaultLoginPageGeneratingFilter@d408c5d, org.springframework.security.web.authentication.ui.DefaultLogoutPageGeneratingFilter@3e8eea59, org.springframework.security.web.authentication.www.BasicAuthenticationFilter@5cbebfba, org.springframework.security.web.savedrequest.RequestCacheAwareFilter@2cbae0f1, org.springframework.security.web.servletapi.SecurityContextHolderAwareRequestFilter@3bf4b018, org.springframework.security.web.authentication.AnonymousAuthenticationFilter@1fb379e4, org.springframework.security.web.session.SessionManagementFilter@6d7d0946, org.springframework.security.web.access.ExceptionTranslationFilter@61c11339, org.springframework.security.web.access.intercept.FilterSecurityInterceptor@27f4761b]
10:24:44.737 INFO  [main][LottoProjectApplicationTests.logStarted(StartupInfoLogger.java:61)] Started LottoProjectApplicationTests in 3.619 seconds (JVM running for 4.56)
10:24:44.891 INFO  [main][Lotto_Impl_1.Create__T_03_0001(Lotto_Impl_1.java:906)] -----------------------------------------------
10:24:44.891 INFO  [main][Lotto_Impl_1.Create__T_03_0001(Lotto_Impl_1.java:907)] 新增 : T_03_0001 (Start)
10:24:44.891 INFO  [main][Lotto_Impl_1.Create__T_03_0001(Lotto_Impl_1.java:908)] 方法名稱 : Create__T_03_0001
10:24:45.061 INFO  [main][Lotto_Impl_1.Create__T_03_0001(Lotto_Impl_1.java:969)] 資料錯誤。已被彈出該方法
10:24:45.080 INFO  [SpringApplicationShutdownHook][LocalContainerEntityManagerFactoryBean.destroy(AbstractEntityManagerFactoryBean.java:651)] Closing JPA EntityManagerFactory for persistence unit 'default'
10:24:45.082 INFO  [SpringApplicationShutdownHook][HikariDataSource.close(HikariDataSource.java:350)] HikariPool-1 - Shutdown initiated...
10:24:45.089 INFO  [SpringApplicationShutdownHook][HikariDataSource.close(HikariDataSource.java:352)] HikariPool-1 - Shutdown completed.
10:25:27.233 INFO  [main][SpringBootTestContextBootstrapper.buildDefaultMergedContextConfiguration(AbstractTestContextBootstrapper.java:305)] Neither @ContextConfiguration nor @ContextHierarchy found for test class [com.example.Lotto_Project.LottoProjectApplicationTests], using SpringBootContextLoader
10:25:27.242 INFO  [main][AbstractContextLoader.generateDefaultLocations(AbstractContextLoader.java:264)] Could not detect default resource locations for test class [com.example.Lotto_Project.LottoProjectApplicationTests]: no resource found for suffixes {-context.xml, Context.groovy}.
10:25:27.243 INFO  [main][AnnotationConfigContextLoaderUtils.detectDefaultConfigurationClasses(AnnotationConfigContextLoaderUtils.java:83)] Could not detect default configuration classes for test class [com.example.Lotto_Project.LottoProjectApplicationTests]: LottoProjectApplicationTests does not declare any static, non-private, non-final, nested classes annotated with @Configuration.
10:25:27.336 INFO  [main][SpringBootTestContextBootstrapper.getOrFindConfigurationClasses(SpringBootTestContextBootstrapper.java:238)] Found @SpringBootConfiguration com.example.Lotto_Project.LottoProjectApplication for test class com.example.Lotto_Project.LottoProjectApplicationTests
10:25:27.432 INFO  [main][SpringBootTestContextBootstrapper.getDefaultTestExecutionListenerClassNames(AbstractTestContextBootstrapper.java:245)] Loaded default TestExecutionListener class names from location [META-INF/spring.factories]: [org.springframework.boot.test.autoconfigure.restdocs.RestDocsTestExecutionListener, org.springframework.boot.test.autoconfigure.web.client.MockRestServiceServerResetTestExecutionListener, org.springframework.boot.test.autoconfigure.web.servlet.MockMvcPrintOnlyOnFailureTestExecutionListener, org.springframework.boot.test.autoconfigure.web.servlet.WebDriverTestExecutionListener, org.springframework.boot.test.autoconfigure.webservices.client.MockWebServiceServerTestExecutionListener, org.springframework.boot.test.mock.mockito.MockitoTestExecutionListener, org.springframework.boot.test.mock.mockito.ResetMocksTestExecutionListener, org.springframework.test.context.web.ServletTestExecutionListener, org.springframework.test.context.support.DirtiesContextBeforeModesTestExecutionListener, org.springframework.test.context.event.ApplicationEventsTestExecutionListener, org.springframework.test.context.support.DependencyInjectionTestExecutionListener, org.springframework.test.context.support.DirtiesContextTestExecutionListener, org.springframework.test.context.transaction.TransactionalTestExecutionListener, org.springframework.test.context.jdbc.SqlScriptsTestExecutionListener, org.springframework.test.context.event.EventPublishingTestExecutionListener]
10:25:27.448 INFO  [main][SpringBootTestContextBootstrapper.getTestExecutionListeners(AbstractTestContextBootstrapper.java:174)] Using TestExecutionListeners: [org.springframework.test.context.web.ServletTestExecutionListener@2ad3a1bb, org.springframework.test.context.support.DirtiesContextBeforeModesTestExecutionListener@6bc28a83, org.springframework.test.context.event.ApplicationEventsTestExecutionListener@324c64cd, org.springframework.boot.test.mock.mockito.MockitoTestExecutionListener@13579834, org.springframework.boot.test.autoconfigure.SpringBootDependencyInjectionTestExecutionListener@24be2d9c, org.springframework.test.context.support.DirtiesContextTestExecutionListener@5bd73d1a, org.springframework.test.context.transaction.TransactionalTestExecutionListener@aec50a1, org.springframework.test.context.jdbc.SqlScriptsTestExecutionListener@2555fff0, org.springframework.test.context.event.EventPublishingTestExecutionListener@70d2e40b, org.springframework.boot.test.autoconfigure.restdocs.RestDocsTestExecutionListener@120f38e6, org.springframework.boot.test.autoconfigure.web.client.MockRestServiceServerResetTestExecutionListener@7a0e1b5e, org.springframework.boot.test.autoconfigure.web.servlet.MockMvcPrintOnlyOnFailureTestExecutionListener@702ed190, org.springframework.boot.test.autoconfigure.web.servlet.WebDriverTestExecutionListener@173b9122, org.springframework.boot.test.autoconfigure.webservices.client.MockWebServiceServerTestExecutionListener@7c18432b, org.springframework.boot.test.mock.mockito.ResetMocksTestExecutionListener@7646731d]
10:25:27.702 INFO  [main][LottoProjectApplicationTests.logStarting(StartupInfoLogger.java:55)] Starting LottoProjectApplicationTests using Java 17.0.10 on LAPTOP-FFEFJF33 with PID 18812 (started by fansy_w1161jp in D:\SpringBoot\WorkSpace\Demo_20240513\Lotto_Project)
10:25:27.703 INFO  [main][LottoProjectApplicationTests.logStartupProfileInfo(SpringApplication.java:631)] No active profile set, falling back to 1 default profile: "default"
10:25:28.219 INFO  [main][RepositoryConfigurationDelegate.registerRepositoriesIn(RepositoryConfigurationDelegate.java:132)] Bootstrapping Spring Data JPA repositories in DEFAULT mode.
10:25:28.291 INFO  [main][RepositoryConfigurationDelegate.registerRepositoriesIn(RepositoryConfigurationDelegate.java:201)] Finished Spring Data repository scanning in 65 ms. Found 10 JPA repository interfaces.
10:25:28.847 INFO  [main][HikariDataSource.getConnection(HikariDataSource.java:110)] HikariPool-1 - Starting...
10:25:29.024 INFO  [main][HikariDataSource.getConnection(HikariDataSource.java:123)] HikariPool-1 - Start completed.
10:25:29.085 INFO  [main][LogHelper.logPersistenceUnitInformation(LogHelper.java:31)] HHH000204: Processing PersistenceUnitInfo [name: default]
10:25:29.130 INFO  [main][Version.logVersion(Version.java:44)] HHH000412: Hibernate ORM core version 5.6.14.Final
10:25:29.313 INFO  [main][Version.<clinit>(JavaReflectionManager.java:56)] HCANN000001: Hibernate Commons Annotations {5.1.2.Final}
10:25:29.487 INFO  [main][Dialect.<init>(Dialect.java:175)] HHH000400: Using dialect: org.hibernate.dialect.MySQL57Dialect
10:25:30.087 INFO  [main][JtaPlatformInitiator.initiateService(JtaPlatformInitiator.java:52)] HHH000490: Using JtaPlatform implementation: [org.hibernate.engine.transaction.jta.platform.internal.NoJtaPlatform]
10:25:30.104 INFO  [main][LocalContainerEntityManagerFactoryBean.buildNativeEntityManagerFactory(AbstractEntityManagerFactoryBean.java:437)] Initialized JPA EntityManagerFactory for persistence unit 'default'
10:25:30.960 WARN  [main][JpaBaseConfiguration$JpaWebConfiguration.openEntityManagerInViewInterceptor(JpaBaseConfiguration.java:219)] spring.jpa.open-in-view is enabled by default. Therefore, database queries may be performed during view rendering. Explicitly configure spring.jpa.open-in-view to disable this warning
10:25:31.584 WARN  [main][UserDetailsServiceAutoConfiguration.getOrDeducePassword(UserDetailsServiceAutoConfiguration.java:88)] 

Using generated security password: 06b339d6-a9f8-4136-90ba-271bbfa1b90a

This generated password is for development use only. Your security configuration must be updated before running your application in production.

10:25:31.794 INFO  [main][DefaultSecurityFilterChain.<init>(DefaultSecurityFilterChain.java:55)] Will secure any request with [org.springframework.security.web.session.DisableEncodeUrlFilter@36c5a4b7, org.springframework.security.web.context.request.async.WebAsyncManagerIntegrationFilter@1bb3e150, org.springframework.security.web.context.SecurityContextPersistenceFilter@4010f232, org.springframework.security.web.header.HeaderWriterFilter@2a5c115b, org.springframework.security.web.csrf.CsrfFilter@182469d0, org.springframework.security.web.authentication.logout.LogoutFilter@75bbe39d, org.springframework.security.web.authentication.UsernamePasswordAuthenticationFilter@507187c1, org.springframework.security.web.authentication.ui.DefaultLoginPageGeneratingFilter@2eed6331, org.springframework.security.web.authentication.ui.DefaultLogoutPageGeneratingFilter@6821d4e1, org.springframework.security.web.authentication.www.BasicAuthenticationFilter@58dea0a7, org.springframework.security.web.savedrequest.RequestCacheAwareFilter@5b312863, org.springframework.security.web.servletapi.SecurityContextHolderAwareRequestFilter@1cf7c055, org.springframework.security.web.authentication.AnonymousAuthenticationFilter@3ac76ad9, org.springframework.security.web.session.SessionManagementFilter@2f51b100, org.springframework.security.web.access.ExceptionTranslationFilter@3e8eea59, org.springframework.security.web.access.intercept.FilterSecurityInterceptor@73eaae1e]
10:25:31.928 INFO  [main][LottoProjectApplicationTests.logStarted(StartupInfoLogger.java:61)] Started LottoProjectApplicationTests in 4.445 seconds (JVM running for 6.041)
10:25:32.110 INFO  [main][Lotto_Impl_1.Create__T_03_0001(Lotto_Impl_1.java:906)] -----------------------------------------------
10:25:32.110 INFO  [main][Lotto_Impl_1.Create__T_03_0001(Lotto_Impl_1.java:907)] 新增 : T_03_0001 (Start)
10:25:32.111 INFO  [main][Lotto_Impl_1.Create__T_03_0001(Lotto_Impl_1.java:908)] 方法名稱 : Create__T_03_0001
10:26:01.956 INFO  [main][Lotto_Impl_1.Create__T_03_0001(Lotto_Impl_1.java:969)] 資料錯誤。已被彈出該方法
10:26:01.980 INFO  [SpringApplicationShutdownHook][LocalContainerEntityManagerFactoryBean.destroy(AbstractEntityManagerFactoryBean.java:651)] Closing JPA EntityManagerFactory for persistence unit 'default'
10:26:01.982 INFO  [SpringApplicationShutdownHook][HikariDataSource.close(HikariDataSource.java:350)] HikariPool-1 - Shutdown initiated...
10:26:01.992 INFO  [SpringApplicationShutdownHook][HikariDataSource.close(HikariDataSource.java:352)] HikariPool-1 - Shutdown completed.
10:26:42.431 INFO  [main][SpringBootTestContextBootstrapper.buildDefaultMergedContextConfiguration(AbstractTestContextBootstrapper.java:305)] Neither @ContextConfiguration nor @ContextHierarchy found for test class [com.example.Lotto_Project.LottoProjectApplicationTests], using SpringBootContextLoader
10:26:42.437 INFO  [main][AbstractContextLoader.generateDefaultLocations(AbstractContextLoader.java:264)] Could not detect default resource locations for test class [com.example.Lotto_Project.LottoProjectApplicationTests]: no resource found for suffixes {-context.xml, Context.groovy}.
10:26:42.438 INFO  [main][AnnotationConfigContextLoaderUtils.detectDefaultConfigurationClasses(AnnotationConfigContextLoaderUtils.java:83)] Could not detect default configuration classes for test class [com.example.Lotto_Project.LottoProjectApplicationTests]: LottoProjectApplicationTests does not declare any static, non-private, non-final, nested classes annotated with @Configuration.
10:26:42.535 INFO  [main][SpringBootTestContextBootstrapper.getOrFindConfigurationClasses(SpringBootTestContextBootstrapper.java:238)] Found @SpringBootConfiguration com.example.Lotto_Project.LottoProjectApplication for test class com.example.Lotto_Project.LottoProjectApplicationTests
10:26:42.620 INFO  [main][SpringBootTestContextBootstrapper.getDefaultTestExecutionListenerClassNames(AbstractTestContextBootstrapper.java:245)] Loaded default TestExecutionListener class names from location [META-INF/spring.factories]: [org.springframework.boot.test.autoconfigure.restdocs.RestDocsTestExecutionListener, org.springframework.boot.test.autoconfigure.web.client.MockRestServiceServerResetTestExecutionListener, org.springframework.boot.test.autoconfigure.web.servlet.MockMvcPrintOnlyOnFailureTestExecutionListener, org.springframework.boot.test.autoconfigure.web.servlet.WebDriverTestExecutionListener, org.springframework.boot.test.autoconfigure.webservices.client.MockWebServiceServerTestExecutionListener, org.springframework.boot.test.mock.mockito.MockitoTestExecutionListener, org.springframework.boot.test.mock.mockito.ResetMocksTestExecutionListener, org.springframework.test.context.web.ServletTestExecutionListener, org.springframework.test.context.support.DirtiesContextBeforeModesTestExecutionListener, org.springframework.test.context.event.ApplicationEventsTestExecutionListener, org.springframework.test.context.support.DependencyInjectionTestExecutionListener, org.springframework.test.context.support.DirtiesContextTestExecutionListener, org.springframework.test.context.transaction.TransactionalTestExecutionListener, org.springframework.test.context.jdbc.SqlScriptsTestExecutionListener, org.springframework.test.context.event.EventPublishingTestExecutionListener]
10:26:42.634 INFO  [main][SpringBootTestContextBootstrapper.getTestExecutionListeners(AbstractTestContextBootstrapper.java:174)] Using TestExecutionListeners: [org.springframework.test.context.web.ServletTestExecutionListener@46e8a539, org.springframework.test.context.support.DirtiesContextBeforeModesTestExecutionListener@495083a0, org.springframework.test.context.event.ApplicationEventsTestExecutionListener@5fd62371, org.springframework.boot.test.mock.mockito.MockitoTestExecutionListener@28a0fd6c, org.springframework.boot.test.autoconfigure.SpringBootDependencyInjectionTestExecutionListener@2b62442c, org.springframework.test.context.support.DirtiesContextTestExecutionListener@66629f63, org.springframework.test.context.transaction.TransactionalTestExecutionListener@841e575, org.springframework.test.context.jdbc.SqlScriptsTestExecutionListener@27a5328c, org.springframework.test.context.event.EventPublishingTestExecutionListener@1e5f4170, org.springframework.boot.test.autoconfigure.restdocs.RestDocsTestExecutionListener@6c345c5f, org.springframework.boot.test.autoconfigure.web.client.MockRestServiceServerResetTestExecutionListener@6b5966e1, org.springframework.boot.test.autoconfigure.web.servlet.MockMvcPrintOnlyOnFailureTestExecutionListener@65e61854, org.springframework.boot.test.autoconfigure.web.servlet.WebDriverTestExecutionListener@1568159, org.springframework.boot.test.autoconfigure.webservices.client.MockWebServiceServerTestExecutionListener@4fcee388, org.springframework.boot.test.mock.mockito.ResetMocksTestExecutionListener@6f80fafe]
10:26:42.885 INFO  [main][LottoProjectApplicationTests.logStarting(StartupInfoLogger.java:55)] Starting LottoProjectApplicationTests using Java 17.0.10 on LAPTOP-FFEFJF33 with PID 10752 (started by fansy_w1161jp in D:\SpringBoot\WorkSpace\Demo_20240513\Lotto_Project)
10:26:42.886 INFO  [main][LottoProjectApplicationTests.logStartupProfileInfo(SpringApplication.java:631)] No active profile set, falling back to 1 default profile: "default"
10:26:43.355 INFO  [main][RepositoryConfigurationDelegate.registerRepositoriesIn(RepositoryConfigurationDelegate.java:132)] Bootstrapping Spring Data JPA repositories in DEFAULT mode.
10:26:43.413 INFO  [main][RepositoryConfigurationDelegate.registerRepositoriesIn(RepositoryConfigurationDelegate.java:201)] Finished Spring Data repository scanning in 53 ms. Found 10 JPA repository interfaces.
10:26:43.869 INFO  [main][HikariDataSource.getConnection(HikariDataSource.java:110)] HikariPool-1 - Starting...
10:26:43.998 INFO  [main][HikariDataSource.getConnection(HikariDataSource.java:123)] HikariPool-1 - Start completed.
10:26:44.048 INFO  [main][LogHelper.logPersistenceUnitInformation(LogHelper.java:31)] HHH000204: Processing PersistenceUnitInfo [name: default]
10:26:44.088 INFO  [main][Version.logVersion(Version.java:44)] HHH000412: Hibernate ORM core version 5.6.14.Final
10:26:44.237 INFO  [main][Version.<clinit>(JavaReflectionManager.java:56)] HCANN000001: Hibernate Commons Annotations {5.1.2.Final}
10:26:44.366 INFO  [main][Dialect.<init>(Dialect.java:175)] HHH000400: Using dialect: org.hibernate.dialect.MySQL57Dialect
10:26:44.856 INFO  [main][JtaPlatformInitiator.initiateService(JtaPlatformInitiator.java:52)] HHH000490: Using JtaPlatform implementation: [org.hibernate.engine.transaction.jta.platform.internal.NoJtaPlatform]
10:26:44.862 INFO  [main][LocalContainerEntityManagerFactoryBean.buildNativeEntityManagerFactory(AbstractEntityManagerFactoryBean.java:437)] Initialized JPA EntityManagerFactory for persistence unit 'default'
10:26:45.572 WARN  [main][JpaBaseConfiguration$JpaWebConfiguration.openEntityManagerInViewInterceptor(JpaBaseConfiguration.java:219)] spring.jpa.open-in-view is enabled by default. Therefore, database queries may be performed during view rendering. Explicitly configure spring.jpa.open-in-view to disable this warning
10:26:46.046 WARN  [main][UserDetailsServiceAutoConfiguration.getOrDeducePassword(UserDetailsServiceAutoConfiguration.java:88)] 

Using generated security password: db343458-5fee-4a58-8bcf-482f558639e8

This generated password is for development use only. Your security configuration must be updated before running your application in production.

10:26:46.189 INFO  [main][DefaultSecurityFilterChain.<init>(DefaultSecurityFilterChain.java:55)] Will secure any request with [org.springframework.security.web.session.DisableEncodeUrlFilter@66ce4b4, org.springframework.security.web.context.request.async.WebAsyncManagerIntegrationFilter@58df2864, org.springframework.security.web.context.SecurityContextPersistenceFilter@7a25f8ee, org.springframework.security.web.header.HeaderWriterFilter@1a5c0b8, org.springframework.security.web.csrf.CsrfFilter@768f2398, org.springframework.security.web.authentication.logout.LogoutFilter@37e28b20, org.springframework.security.web.authentication.UsernamePasswordAuthenticationFilter@5e572b08, org.springframework.security.web.authentication.ui.DefaultLoginPageGeneratingFilter@43e9a8a2, org.springframework.security.web.authentication.ui.DefaultLogoutPageGeneratingFilter@76ccde41, org.springframework.security.web.authentication.www.BasicAuthenticationFilter@58e0d1ac, org.springframework.security.web.savedrequest.RequestCacheAwareFilter@27a23d87, org.springframework.security.web.servletapi.SecurityContextHolderAwareRequestFilter@72155315, org.springframework.security.web.authentication.AnonymousAuthenticationFilter@5f26fc4d, org.springframework.security.web.session.SessionManagementFilter@8b71052, org.springframework.security.web.access.ExceptionTranslationFilter@50b78155, org.springframework.security.web.access.intercept.FilterSecurityInterceptor@62536882]
10:26:46.259 INFO  [main][LottoProjectApplicationTests.logStarted(StartupInfoLogger.java:61)] Started LottoProjectApplicationTests in 3.591 seconds (JVM running for 4.559)
10:26:46.415 INFO  [main][Lotto_Impl_1.Create__T_03_0001(Lotto_Impl_1.java:906)] -----------------------------------------------
10:26:46.415 INFO  [main][Lotto_Impl_1.Create__T_03_0001(Lotto_Impl_1.java:907)] 新增 : T_03_0001 (Start)
10:26:46.415 INFO  [main][Lotto_Impl_1.Create__T_03_0001(Lotto_Impl_1.java:908)] 方法名稱 : Create__T_03_0001
10:26:46.604 INFO  [main][Lotto_Impl_1.Create__T_03_0001(Lotto_Impl_1.java:984)] 新增 : T_03_0001 (End)
10:26:47.051 INFO  [main][Lotto_Impl_1.Create__T_03_0001(Lotto_Impl_1.java:985)] -----------------------------------------------
10:26:47.074 INFO  [SpringApplicationShutdownHook][LocalContainerEntityManagerFactoryBean.destroy(AbstractEntityManagerFactoryBean.java:651)] Closing JPA EntityManagerFactory for persistence unit 'default'
10:26:47.076 INFO  [SpringApplicationShutdownHook][HikariDataSource.close(HikariDataSource.java:350)] HikariPool-1 - Shutdown initiated...
10:26:47.088 INFO  [SpringApplicationShutdownHook][HikariDataSource.close(HikariDataSource.java:352)] HikariPool-1 - Shutdown completed.
10:27:06.710 INFO  [main][SpringBootTestContextBootstrapper.buildDefaultMergedContextConfiguration(AbstractTestContextBootstrapper.java:305)] Neither @ContextConfiguration nor @ContextHierarchy found for test class [com.example.Lotto_Project.LottoProjectApplicationTests], using SpringBootContextLoader
10:27:06.714 INFO  [main][AbstractContextLoader.generateDefaultLocations(AbstractContextLoader.java:264)] Could not detect default resource locations for test class [com.example.Lotto_Project.LottoProjectApplicationTests]: no resource found for suffixes {-context.xml, Context.groovy}.
10:27:06.715 INFO  [main][AnnotationConfigContextLoaderUtils.detectDefaultConfigurationClasses(AnnotationConfigContextLoaderUtils.java:83)] Could not detect default configuration classes for test class [com.example.Lotto_Project.LottoProjectApplicationTests]: LottoProjectApplicationTests does not declare any static, non-private, non-final, nested classes annotated with @Configuration.
10:27:06.790 INFO  [main][SpringBootTestContextBootstrapper.getOrFindConfigurationClasses(SpringBootTestContextBootstrapper.java:238)] Found @SpringBootConfiguration com.example.Lotto_Project.LottoProjectApplication for test class com.example.Lotto_Project.LottoProjectApplicationTests
10:27:06.874 INFO  [main][SpringBootTestContextBootstrapper.getDefaultTestExecutionListenerClassNames(AbstractTestContextBootstrapper.java:245)] Loaded default TestExecutionListener class names from location [META-INF/spring.factories]: [org.springframework.boot.test.autoconfigure.restdocs.RestDocsTestExecutionListener, org.springframework.boot.test.autoconfigure.web.client.MockRestServiceServerResetTestExecutionListener, org.springframework.boot.test.autoconfigure.web.servlet.MockMvcPrintOnlyOnFailureTestExecutionListener, org.springframework.boot.test.autoconfigure.web.servlet.WebDriverTestExecutionListener, org.springframework.boot.test.autoconfigure.webservices.client.MockWebServiceServerTestExecutionListener, org.springframework.boot.test.mock.mockito.MockitoTestExecutionListener, org.springframework.boot.test.mock.mockito.ResetMocksTestExecutionListener, org.springframework.test.context.web.ServletTestExecutionListener, org.springframework.test.context.support.DirtiesContextBeforeModesTestExecutionListener, org.springframework.test.context.event.ApplicationEventsTestExecutionListener, org.springframework.test.context.support.DependencyInjectionTestExecutionListener, org.springframework.test.context.support.DirtiesContextTestExecutionListener, org.springframework.test.context.transaction.TransactionalTestExecutionListener, org.springframework.test.context.jdbc.SqlScriptsTestExecutionListener, org.springframework.test.context.event.EventPublishingTestExecutionListener]
10:27:06.889 INFO  [main][SpringBootTestContextBootstrapper.getTestExecutionListeners(AbstractTestContextBootstrapper.java:174)] Using TestExecutionListeners: [org.springframework.test.context.web.ServletTestExecutionListener@46e8a539, org.springframework.test.context.support.DirtiesContextBeforeModesTestExecutionListener@495083a0, org.springframework.test.context.event.ApplicationEventsTestExecutionListener@5fd62371, org.springframework.boot.test.mock.mockito.MockitoTestExecutionListener@28a0fd6c, org.springframework.boot.test.autoconfigure.SpringBootDependencyInjectionTestExecutionListener@2b62442c, org.springframework.test.context.support.DirtiesContextTestExecutionListener@66629f63, org.springframework.test.context.transaction.TransactionalTestExecutionListener@841e575, org.springframework.test.context.jdbc.SqlScriptsTestExecutionListener@27a5328c, org.springframework.test.context.event.EventPublishingTestExecutionListener@1e5f4170, org.springframework.boot.test.autoconfigure.restdocs.RestDocsTestExecutionListener@6c345c5f, org.springframework.boot.test.autoconfigure.web.client.MockRestServiceServerResetTestExecutionListener@6b5966e1, org.springframework.boot.test.autoconfigure.web.servlet.MockMvcPrintOnlyOnFailureTestExecutionListener@65e61854, org.springframework.boot.test.autoconfigure.web.servlet.WebDriverTestExecutionListener@1568159, org.springframework.boot.test.autoconfigure.webservices.client.MockWebServiceServerTestExecutionListener@4fcee388, org.springframework.boot.test.mock.mockito.ResetMocksTestExecutionListener@6f80fafe]
10:27:07.159 INFO  [main][LottoProjectApplicationTests.logStarting(StartupInfoLogger.java:55)] Starting LottoProjectApplicationTests using Java 17.0.10 on LAPTOP-FFEFJF33 with PID 1300 (started by fansy_w1161jp in D:\SpringBoot\WorkSpace\Demo_20240513\Lotto_Project)
10:27:07.160 INFO  [main][LottoProjectApplicationTests.logStartupProfileInfo(SpringApplication.java:631)] No active profile set, falling back to 1 default profile: "default"
10:27:07.681 INFO  [main][RepositoryConfigurationDelegate.registerRepositoriesIn(RepositoryConfigurationDelegate.java:132)] Bootstrapping Spring Data JPA repositories in DEFAULT mode.
10:27:07.735 INFO  [main][RepositoryConfigurationDelegate.registerRepositoriesIn(RepositoryConfigurationDelegate.java:201)] Finished Spring Data repository scanning in 48 ms. Found 10 JPA repository interfaces.
10:27:08.212 INFO  [main][HikariDataSource.getConnection(HikariDataSource.java:110)] HikariPool-1 - Starting...
10:27:08.337 INFO  [main][HikariDataSource.getConnection(HikariDataSource.java:123)] HikariPool-1 - Start completed.
10:27:08.393 INFO  [main][LogHelper.logPersistenceUnitInformation(LogHelper.java:31)] HHH000204: Processing PersistenceUnitInfo [name: default]
10:27:08.444 INFO  [main][Version.logVersion(Version.java:44)] HHH000412: Hibernate ORM core version 5.6.14.Final
10:27:08.594 INFO  [main][Version.<clinit>(JavaReflectionManager.java:56)] HCANN000001: Hibernate Commons Annotations {5.1.2.Final}
10:27:08.716 INFO  [main][Dialect.<init>(Dialect.java:175)] HHH000400: Using dialect: org.hibernate.dialect.MySQL57Dialect
10:27:09.224 INFO  [main][JtaPlatformInitiator.initiateService(JtaPlatformInitiator.java:52)] HHH000490: Using JtaPlatform implementation: [org.hibernate.engine.transaction.jta.platform.internal.NoJtaPlatform]
10:27:09.233 INFO  [main][LocalContainerEntityManagerFactoryBean.buildNativeEntityManagerFactory(AbstractEntityManagerFactoryBean.java:437)] Initialized JPA EntityManagerFactory for persistence unit 'default'
10:27:09.959 WARN  [main][JpaBaseConfiguration$JpaWebConfiguration.openEntityManagerInViewInterceptor(JpaBaseConfiguration.java:219)] spring.jpa.open-in-view is enabled by default. Therefore, database queries may be performed during view rendering. Explicitly configure spring.jpa.open-in-view to disable this warning
10:27:10.427 WARN  [main][UserDetailsServiceAutoConfiguration.getOrDeducePassword(UserDetailsServiceAutoConfiguration.java:88)] 

Using generated security password: 8c1ffd6c-3e3d-4777-bf75-684ad79b9c39

This generated password is for development use only. Your security configuration must be updated before running your application in production.

10:27:10.589 INFO  [main][DefaultSecurityFilterChain.<init>(DefaultSecurityFilterChain.java:55)] Will secure any request with [org.springframework.security.web.session.DisableEncodeUrlFilter@5e3a5f0c, org.springframework.security.web.context.request.async.WebAsyncManagerIntegrationFilter@5afaae7e, org.springframework.security.web.context.SecurityContextPersistenceFilter@6408a8ac, org.springframework.security.web.header.HeaderWriterFilter@19b33b0d, org.springframework.security.web.csrf.CsrfFilter@68aa1164, org.springframework.security.web.authentication.logout.LogoutFilter@45a40353, org.springframework.security.web.authentication.UsernamePasswordAuthenticationFilter@10c67c1c, org.springframework.security.web.authentication.ui.DefaultLoginPageGeneratingFilter@45dfb6a4, org.springframework.security.web.authentication.ui.DefaultLogoutPageGeneratingFilter@7364073b, org.springframework.security.web.authentication.www.BasicAuthenticationFilter@27f4761b, org.springframework.security.web.savedrequest.RequestCacheAwareFilter@7916568d, org.springframework.security.web.servletapi.SecurityContextHolderAwareRequestFilter@58fadccb, org.springframework.security.web.authentication.AnonymousAuthenticationFilter@50331591, org.springframework.security.web.session.SessionManagementFilter@d827673, org.springframework.security.web.access.ExceptionTranslationFilter@22b4ad0c, org.springframework.security.web.access.intercept.FilterSecurityInterceptor@38d9c9c4]
10:27:10.666 INFO  [main][LottoProjectApplicationTests.logStarted(StartupInfoLogger.java:61)] Started LottoProjectApplicationTests in 3.742 seconds (JVM running for 4.702)
10:27:10.821 INFO  [main][Lotto_Impl_1.Create__T_03_0001(Lotto_Impl_1.java:906)] -----------------------------------------------
10:27:10.822 INFO  [main][Lotto_Impl_1.Create__T_03_0001(Lotto_Impl_1.java:907)] 新增 : T_03_0001 (Start)
10:27:10.822 INFO  [main][Lotto_Impl_1.Create__T_03_0001(Lotto_Impl_1.java:908)] 方法名稱 : Create__T_03_0001
10:27:11.006 INFO  [main][Lotto_Impl_1.Create__T_03_0001(Lotto_Impl_1.java:984)] 新增 : T_03_0001 (End)
10:27:11.006 INFO  [main][Lotto_Impl_1.Create__T_03_0001(Lotto_Impl_1.java:985)] -----------------------------------------------
10:27:11.026 INFO  [SpringApplicationShutdownHook][LocalContainerEntityManagerFactoryBean.destroy(AbstractEntityManagerFactoryBean.java:651)] Closing JPA EntityManagerFactory for persistence unit 'default'
10:27:11.028 INFO  [SpringApplicationShutdownHook][HikariDataSource.close(HikariDataSource.java:350)] HikariPool-1 - Shutdown initiated...
10:27:11.035 INFO  [SpringApplicationShutdownHook][HikariDataSource.close(HikariDataSource.java:352)] HikariPool-1 - Shutdown completed.
